CRITICAL - 2023-09-11 12:15:49 --> Too few arguments to function App\Controllers\Calendar::search(), 0 passed in C:\xampp\htdocs\kalendarz\system\CodeIgniter.php on line 932 and exactly 2 expected
in APPPATH\Controllers\Calendar.php on line 55.
 1 SYSTEMPATH\CodeIgniter.php(932): App\Controllers\Calendar->search()
 2 SYSTEMPATH\CodeIgniter.php(497): CodeIgniter\CodeIgniter->runController(Object(App\Controllers\Calendar))
 3 SYSTEMPATH\CodeIgniter.php(366): CodeIgniter\CodeIgniter->handleRequest(null, Object(Config\Cache), false)
 4 FCPATH\index.php(67): CodeIgniter\CodeIgniter->run()
CRITICAL - 2023-09-11 12:15:52 --> Too few arguments to function App\Controllers\Calendar::search(), 0 passed in C:\xampp\htdocs\kalendarz\system\CodeIgniter.php on line 932 and exactly 2 expected
in APPPATH\Controllers\Calendar.php on line 55.
 1 SYSTEMPATH\CodeIgniter.php(932): App\Controllers\Calendar->search()
 2 SYSTEMPATH\CodeIgniter.php(497): CodeIgniter\CodeIgniter->runController(Object(App\Controllers\Calendar))
 3 SYSTEMPATH\CodeIgniter.php(366): CodeIgniter\CodeIgniter->handleRequest(null, Object(Config\Cache), false)
 4 FCPATH\index.php(67): CodeIgniter\CodeIgniter->run()
CRITICAL - 2023-09-11 12:16:01 --> Too few arguments to function App\Controllers\Calendar::search(), 0 passed in C:\xampp\htdocs\kalendarz\system\CodeIgniter.php on line 932 and exactly 2 expected
in APPPATH\Controllers\Calendar.php on line 55.
 1 SYSTEMPATH\CodeIgniter.php(932): App\Controllers\Calendar->search()
 2 SYSTEMPATH\CodeIgniter.php(497): CodeIgniter\CodeIgniter->runController(Object(App\Controllers\Calendar))
 3 SYSTEMPATH\CodeIgniter.php(366): CodeIgniter\CodeIgniter->handleRequest(null, Object(Config\Cache), false)
 4 FCPATH\index.php(67): CodeIgniter\CodeIgniter->run()
CRITICAL - 2023-09-11 12:16:02 --> Too few arguments to function App\Controllers\Calendar::search(), 0 passed in C:\xampp\htdocs\kalendarz\system\CodeIgniter.php on line 932 and exactly 2 expected
in APPPATH\Controllers\Calendar.php on line 55.
 1 SYSTEMPATH\CodeIgniter.php(932): App\Controllers\Calendar->search()
 2 SYSTEMPATH\CodeIgniter.php(497): CodeIgniter\CodeIgniter->runController(Object(App\Controllers\Calendar))
 3 SYSTEMPATH\CodeIgniter.php(366): CodeIgniter\CodeIgniter->handleRequest(null, Object(Config\Cache), false)
 4 FCPATH\index.php(67): CodeIgniter\CodeIgniter->run()
CRITICAL - 2023-09-11 12:16:02 --> Too few arguments to function App\Controllers\Calendar::search(), 0 passed in C:\xampp\htdocs\kalendarz\system\CodeIgniter.php on line 932 and exactly 2 expected
in APPPATH\Controllers\Calendar.php on line 55.
 1 SYSTEMPATH\CodeIgniter.php(932): App\Controllers\Calendar->search()
 2 SYSTEMPATH\CodeIgniter.php(497): CodeIgniter\CodeIgniter->runController(Object(App\Controllers\Calendar))
 3 SYSTEMPATH\CodeIgniter.php(366): CodeIgniter\CodeIgniter->handleRequest(null, Object(Config\Cache), false)
 4 FCPATH\index.php(67): CodeIgniter\CodeIgniter->run()
CRITICAL - 2023-09-11 12:16:02 --> Too few arguments to function App\Controllers\Calendar::search(), 0 passed in C:\xampp\htdocs\kalendarz\system\CodeIgniter.php on line 932 and exactly 2 expected
in APPPATH\Controllers\Calendar.php on line 55.
 1 SYSTEMPATH\CodeIgniter.php(932): App\Controllers\Calendar->search()
 2 SYSTEMPATH\CodeIgniter.php(497): CodeIgniter\CodeIgniter->runController(Object(App\Controllers\Calendar))
 3 SYSTEMPATH\CodeIgniter.php(366): CodeIgniter\CodeIgniter->handleRequest(null, Object(Config\Cache), false)
 4 FCPATH\index.php(67): CodeIgniter\CodeIgniter->run()
CRITICAL - 2023-09-11 12:16:13 --> Too few arguments to function App\Controllers\Calendar::search(), 0 passed in C:\xampp\htdocs\kalendarz\system\CodeIgniter.php on line 932 and exactly 2 expected
in APPPATH\Controllers\Calendar.php on line 55.
 1 SYSTEMPATH\CodeIgniter.php(932): App\Controllers\Calendar->search()
 2 SYSTEMPATH\CodeIgniter.php(497): CodeIgniter\CodeIgniter->runController(Object(App\Controllers\Calendar))
 3 SYSTEMPATH\CodeIgniter.php(366): CodeIgniter\CodeIgniter->handleRequest(null, Object(Config\Cache), false)
 4 FCPATH\index.php(67): CodeIgniter\CodeIgniter->run()
CRITICAL - 2023-09-11 12:16:19 --> Too few arguments to function App\Controllers\Calendar::search(), 0 passed in C:\xampp\htdocs\kalendarz\system\CodeIgniter.php on line 932 and exactly 2 expected
in APPPATH\Controllers\Calendar.php on line 55.
 1 SYSTEMPATH\CodeIgniter.php(932): App\Controllers\Calendar->search()
 2 SYSTEMPATH\CodeIgniter.php(497): CodeIgniter\CodeIgniter->runController(Object(App\Controllers\Calendar))
 3 SYSTEMPATH\CodeIgniter.php(366): CodeIgniter\CodeIgniter->handleRequest(null, Object(Config\Cache), false)
 4 FCPATH\index.php(67): CodeIgniter\CodeIgniter->run()
CRITICAL - 2023-09-11 12:16:20 --> Too few arguments to function App\Controllers\Calendar::search(), 0 passed in C:\xampp\htdocs\kalendarz\system\CodeIgniter.php on line 932 and exactly 2 expected
in APPPATH\Controllers\Calendar.php on line 55.
 1 SYSTEMPATH\CodeIgniter.php(932): App\Controllers\Calendar->search()
 2 SYSTEMPATH\CodeIgniter.php(497): CodeIgniter\CodeIgniter->runController(Object(App\Controllers\Calendar))
 3 SYSTEMPATH\CodeIgniter.php(366): CodeIgniter\CodeIgniter->handleRequest(null, Object(Config\Cache), false)
 4 FCPATH\index.php(67): CodeIgniter\CodeIgniter->run()
CRITICAL - 2023-09-11 12:16:20 --> Too few arguments to function App\Controllers\Calendar::search(), 0 passed in C:\xampp\htdocs\kalendarz\system\CodeIgniter.php on line 932 and exactly 2 expected
in APPPATH\Controllers\Calendar.php on line 55.
 1 SYSTEMPATH\CodeIgniter.php(932): App\Controllers\Calendar->search()
 2 SYSTEMPATH\CodeIgniter.php(497): CodeIgniter\CodeIgniter->runController(Object(App\Controllers\Calendar))
 3 SYSTEMPATH\CodeIgniter.php(366): CodeIgniter\CodeIgniter->handleRequest(null, Object(Config\Cache), false)
 4 FCPATH\index.php(67): CodeIgniter\CodeIgniter->run()
CRITICAL - 2023-09-11 12:16:20 --> Too few arguments to function App\Controllers\Calendar::search(), 0 passed in C:\xampp\htdocs\kalendarz\system\CodeIgniter.php on line 932 and exactly 2 expected
in APPPATH\Controllers\Calendar.php on line 55.
 1 SYSTEMPATH\CodeIgniter.php(932): App\Controllers\Calendar->search()
 2 SYSTEMPATH\CodeIgniter.php(497): CodeIgniter\CodeIgniter->runController(Object(App\Controllers\Calendar))
 3 SYSTEMPATH\CodeIgniter.php(366): CodeIgniter\CodeIgniter->handleRequest(null, Object(Config\Cache), false)
 4 FCPATH\index.php(67): CodeIgniter\CodeIgniter->run()
CRITICAL - 2023-09-11 12:16:20 --> Too few arguments to function App\Controllers\Calendar::search(), 0 passed in C:\xampp\htdocs\kalendarz\system\CodeIgniter.php on line 932 and exactly 2 expected
in APPPATH\Controllers\Calendar.php on line 55.
 1 SYSTEMPATH\CodeIgniter.php(932): App\Controllers\Calendar->search()
 2 SYSTEMPATH\CodeIgniter.php(497): CodeIgniter\CodeIgniter->runController(Object(App\Controllers\Calendar))
 3 SYSTEMPATH\CodeIgniter.php(366): CodeIgniter\CodeIgniter->handleRequest(null, Object(Config\Cache), false)
 4 FCPATH\index.php(67): CodeIgniter\CodeIgniter->run()
CRITICAL - 2023-09-11 12:16:24 --> Too few arguments to function App\Controllers\Calendar::search(), 0 passed in C:\xampp\htdocs\kalendarz\system\CodeIgniter.php on line 932 and exactly 2 expected
in APPPATH\Controllers\Calendar.php on line 55.
 1 SYSTEMPATH\CodeIgniter.php(932): App\Controllers\Calendar->search()
 2 SYSTEMPATH\CodeIgniter.php(497): CodeIgniter\CodeIgniter->runController(Object(App\Controllers\Calendar))
 3 SYSTEMPATH\CodeIgniter.php(366): CodeIgniter\CodeIgniter->handleRequest(null, Object(Config\Cache), false)
 4 FCPATH\index.php(67): CodeIgniter\CodeIgniter->run()
CRITICAL - 2023-09-11 12:16:24 --> Too few arguments to function App\Controllers\Calendar::search(), 0 passed in C:\xampp\htdocs\kalendarz\system\CodeIgniter.php on line 932 and exactly 2 expected
in APPPATH\Controllers\Calendar.php on line 55.
 1 SYSTEMPATH\CodeIgniter.php(932): App\Controllers\Calendar->search()
 2 SYSTEMPATH\CodeIgniter.php(497): CodeIgniter\CodeIgniter->runController(Object(App\Controllers\Calendar))
 3 SYSTEMPATH\CodeIgniter.php(366): CodeIgniter\CodeIgniter->handleRequest(null, Object(Config\Cache), false)
 4 FCPATH\index.php(67): CodeIgniter\CodeIgniter->run()
CRITICAL - 2023-09-11 12:16:25 --> Too few arguments to function App\Controllers\Calendar::search(), 0 passed in C:\xampp\htdocs\kalendarz\system\CodeIgniter.php on line 932 and exactly 2 expected
in APPPATH\Controllers\Calendar.php on line 55.
 1 SYSTEMPATH\CodeIgniter.php(932): App\Controllers\Calendar->search()
 2 SYSTEMPATH\CodeIgniter.php(497): CodeIgniter\CodeIgniter->runController(Object(App\Controllers\Calendar))
 3 SYSTEMPATH\CodeIgniter.php(366): CodeIgniter\CodeIgniter->handleRequest(null, Object(Config\Cache), false)
 4 FCPATH\index.php(67): CodeIgniter\CodeIgniter->run()
CRITICAL - 2023-09-11 12:16:25 --> Too few arguments to function App\Controllers\Calendar::search(), 0 passed in C:\xampp\htdocs\kalendarz\system\CodeIgniter.php on line 932 and exactly 2 expected
in APPPATH\Controllers\Calendar.php on line 55.
 1 SYSTEMPATH\CodeIgniter.php(932): App\Controllers\Calendar->search()
 2 SYSTEMPATH\CodeIgniter.php(497): CodeIgniter\CodeIgniter->runController(Object(App\Controllers\Calendar))
 3 SYSTEMPATH\CodeIgniter.php(366): CodeIgniter\CodeIgniter->handleRequest(null, Object(Config\Cache), false)
 4 FCPATH\index.php(67): CodeIgniter\CodeIgniter->run()
CRITICAL - 2023-09-11 12:16:25 --> Too few arguments to function App\Controllers\Calendar::search(), 0 passed in C:\xampp\htdocs\kalendarz\system\CodeIgniter.php on line 932 and exactly 2 expected
in APPPATH\Controllers\Calendar.php on line 55.
 1 SYSTEMPATH\CodeIgniter.php(932): App\Controllers\Calendar->search()
 2 SYSTEMPATH\CodeIgniter.php(497): CodeIgniter\CodeIgniter->runController(Object(App\Controllers\Calendar))
 3 SYSTEMPATH\CodeIgniter.php(366): CodeIgniter\CodeIgniter->handleRequest(null, Object(Config\Cache), false)
 4 FCPATH\index.php(67): CodeIgniter\CodeIgniter->run()
CRITICAL - 2023-09-11 12:16:25 --> Too few arguments to function App\Controllers\Calendar::search(), 0 passed in C:\xampp\htdocs\kalendarz\system\CodeIgniter.php on line 932 and exactly 2 expected
in APPPATH\Controllers\Calendar.php on line 55.
 1 SYSTEMPATH\CodeIgniter.php(932): App\Controllers\Calendar->search()
 2 SYSTEMPATH\CodeIgniter.php(497): CodeIgniter\CodeIgniter->runController(Object(App\Controllers\Calendar))
 3 SYSTEMPATH\CodeIgniter.php(366): CodeIgniter\CodeIgniter->handleRequest(null, Object(Config\Cache), false)
 4 FCPATH\index.php(67): CodeIgniter\CodeIgniter->run()
CRITICAL - 2023-09-11 12:18:05 --> Too few arguments to function App\Controllers\Calendar::search(), 0 passed in C:\xampp\htdocs\kalendarz\system\CodeIgniter.php on line 932 and exactly 2 expected
in APPPATH\Controllers\Calendar.php on line 55.
 1 SYSTEMPATH\CodeIgniter.php(932): App\Controllers\Calendar->search()
 2 SYSTEMPATH\CodeIgniter.php(497): CodeIgniter\CodeIgniter->runController(Object(App\Controllers\Calendar))
 3 SYSTEMPATH\CodeIgniter.php(366): CodeIgniter\CodeIgniter->handleRequest(null, Object(Config\Cache), false)
 4 FCPATH\index.php(67): CodeIgniter\CodeIgniter->run()
CRITICAL - 2023-09-11 12:18:06 --> Too few arguments to function App\Controllers\Calendar::search(), 0 passed in C:\xampp\htdocs\kalendarz\system\CodeIgniter.php on line 932 and exactly 2 expected
in APPPATH\Controllers\Calendar.php on line 55.
 1 SYSTEMPATH\CodeIgniter.php(932): App\Controllers\Calendar->search()
 2 SYSTEMPATH\CodeIgniter.php(497): CodeIgniter\CodeIgniter->runController(Object(App\Controllers\Calendar))
 3 SYSTEMPATH\CodeIgniter.php(366): CodeIgniter\CodeIgniter->handleRequest(null, Object(Config\Cache), false)
 4 FCPATH\index.php(67): CodeIgniter\CodeIgniter->run()
CRITICAL - 2023-09-11 12:18:34 --> Too few arguments to function App\Controllers\Calendar::search(), 0 passed in C:\xampp\htdocs\kalendarz\system\CodeIgniter.php on line 932 and exactly 2 expected
in APPPATH\Controllers\Calendar.php on line 55.
 1 SYSTEMPATH\CodeIgniter.php(932): App\Controllers\Calendar->search()
 2 SYSTEMPATH\CodeIgniter.php(497): CodeIgniter\CodeIgniter->runController(Object(App\Controllers\Calendar))
 3 SYSTEMPATH\CodeIgniter.php(366): CodeIgniter\CodeIgniter->handleRequest(null, Object(Config\Cache), false)
 4 FCPATH\index.php(67): CodeIgniter\CodeIgniter->run()
CRITICAL - 2023-09-11 12:18:34 --> Too few arguments to function App\Controllers\Calendar::search(), 0 passed in C:\xampp\htdocs\kalendarz\system\CodeIgniter.php on line 932 and exactly 2 expected
in APPPATH\Controllers\Calendar.php on line 55.
 1 SYSTEMPATH\CodeIgniter.php(932): App\Controllers\Calendar->search()
 2 SYSTEMPATH\CodeIgniter.php(497): CodeIgniter\CodeIgniter->runController(Object(App\Controllers\Calendar))
 3 SYSTEMPATH\CodeIgniter.php(366): CodeIgniter\CodeIgniter->handleRequest(null, Object(Config\Cache), false)
 4 FCPATH\index.php(67): CodeIgniter\CodeIgniter->run()
CRITICAL - 2023-09-11 12:18:35 --> Too few arguments to function App\Controllers\Calendar::search(), 0 passed in C:\xampp\htdocs\kalendarz\system\CodeIgniter.php on line 932 and exactly 2 expected
in APPPATH\Controllers\Calendar.php on line 55.
 1 SYSTEMPATH\CodeIgniter.php(932): App\Controllers\Calendar->search()
 2 SYSTEMPATH\CodeIgniter.php(497): CodeIgniter\CodeIgniter->runController(Object(App\Controllers\Calendar))
 3 SYSTEMPATH\CodeIgniter.php(366): CodeIgniter\CodeIgniter->handleRequest(null, Object(Config\Cache), false)
 4 FCPATH\index.php(67): CodeIgniter\CodeIgniter->run()
CRITICAL - 2023-09-11 12:18:35 --> Too few arguments to function App\Controllers\Calendar::search(), 0 passed in C:\xampp\htdocs\kalendarz\system\CodeIgniter.php on line 932 and exactly 2 expected
in APPPATH\Controllers\Calendar.php on line 55.
 1 SYSTEMPATH\CodeIgniter.php(932): App\Controllers\Calendar->search()
 2 SYSTEMPATH\CodeIgniter.php(497): CodeIgniter\CodeIgniter->runController(Object(App\Controllers\Calendar))
 3 SYSTEMPATH\CodeIgniter.php(366): CodeIgniter\CodeIgniter->handleRequest(null, Object(Config\Cache), false)
 4 FCPATH\index.php(67): CodeIgniter\CodeIgniter->run()
CRITICAL - 2023-09-11 12:18:35 --> Too few arguments to function App\Controllers\Calendar::search(), 0 passed in C:\xampp\htdocs\kalendarz\system\CodeIgniter.php on line 932 and exactly 2 expected
in APPPATH\Controllers\Calendar.php on line 55.
 1 SYSTEMPATH\CodeIgniter.php(932): App\Controllers\Calendar->search()
 2 SYSTEMPATH\CodeIgniter.php(497): CodeIgniter\CodeIgniter->runController(Object(App\Controllers\Calendar))
 3 SYSTEMPATH\CodeIgniter.php(366): CodeIgniter\CodeIgniter->handleRequest(null, Object(Config\Cache), false)
 4 FCPATH\index.php(67): CodeIgniter\CodeIgniter->run()
CRITICAL - 2023-09-11 12:18:35 --> Too few arguments to function App\Controllers\Calendar::search(), 0 passed in C:\xampp\htdocs\kalendarz\system\CodeIgniter.php on line 932 and exactly 2 expected
in APPPATH\Controllers\Calendar.php on line 55.
 1 SYSTEMPATH\CodeIgniter.php(932): App\Controllers\Calendar->search()
 2 SYSTEMPATH\CodeIgniter.php(497): CodeIgniter\CodeIgniter->runController(Object(App\Controllers\Calendar))
 3 SYSTEMPATH\CodeIgniter.php(366): CodeIgniter\CodeIgniter->handleRequest(null, Object(Config\Cache), false)
 4 FCPATH\index.php(67): CodeIgniter\CodeIgniter->run()
CRITICAL - 2023-09-11 12:18:39 --> Too few arguments to function App\Controllers\Calendar::search(), 0 passed in C:\xampp\htdocs\kalendarz\system\CodeIgniter.php on line 932 and exactly 2 expected
in APPPATH\Controllers\Calendar.php on line 55.
 1 SYSTEMPATH\CodeIgniter.php(932): App\Controllers\Calendar->search()
 2 SYSTEMPATH\CodeIgniter.php(497): CodeIgniter\CodeIgniter->runController(Object(App\Controllers\Calendar))
 3 SYSTEMPATH\CodeIgniter.php(366): CodeIgniter\CodeIgniter->handleRequest(null, Object(Config\Cache), false)
 4 FCPATH\index.php(67): CodeIgniter\CodeIgniter->run()
