CRITICAL - 2023-09-08 09:27:45 --> Too few arguments to function App\Controllers\Calendar::search(), 0 passed in C:\xampp\htdocs\kalendarz\system\CodeIgniter.php on line 932 and exactly 2 expected
in APPPATH\Controllers\Calendar.php on line 55.
 1 SYSTEMPATH\CodeIgniter.php(932): App\Controllers\Calendar->search()
 2 SYSTEMPATH\CodeIgniter.php(497): CodeIgniter\CodeIgniter->runController(Object(App\Controllers\Calendar))
 3 SYSTEMPATH\CodeIgniter.php(366): CodeIgniter\CodeIgniter->handleRequest(null, Object(Config\Cache), false)
 4 FCPATH\index.php(67): CodeIgniter\CodeIgniter->run()
CRITICAL - 2023-09-08 09:27:54 --> Too few arguments to function App\Controllers\Calendar::search(), 0 passed in C:\xampp\htdocs\kalendarz\system\CodeIgniter.php on line 932 and exactly 2 expected
in APPPATH\Controllers\Calendar.php on line 55.
 1 SYSTEMPATH\CodeIgniter.php(932): App\Controllers\Calendar->search()
 2 SYSTEMPATH\CodeIgniter.php(497): CodeIgniter\CodeIgniter->runController(Object(App\Controllers\Calendar))
 3 SYSTEMPATH\CodeIgniter.php(366): CodeIgniter\CodeIgniter->handleRequest(null, Object(Config\Cache), false)
 4 FCPATH\index.php(67): CodeIgniter\CodeIgniter->run()
CRITICAL - 2023-09-08 09:27:55 --> Too few arguments to function App\Controllers\Calendar::search(), 0 passed in C:\xampp\htdocs\kalendarz\system\CodeIgniter.php on line 932 and exactly 2 expected
in APPPATH\Controllers\Calendar.php on line 55.
 1 SYSTEMPATH\CodeIgniter.php(932): App\Controllers\Calendar->search()
 2 SYSTEMPATH\CodeIgniter.php(497): CodeIgniter\CodeIgniter->runController(Object(App\Controllers\Calendar))
 3 SYSTEMPATH\CodeIgniter.php(366): CodeIgniter\CodeIgniter->handleRequest(null, Object(Config\Cache), false)
 4 FCPATH\index.php(67): CodeIgniter\CodeIgniter->run()
CRITICAL - 2023-09-08 09:27:56 --> Too few arguments to function App\Controllers\Calendar::search(), 0 passed in C:\xampp\htdocs\kalendarz\system\CodeIgniter.php on line 932 and exactly 2 expected
in APPPATH\Controllers\Calendar.php on line 55.
 1 SYSTEMPATH\CodeIgniter.php(932): App\Controllers\Calendar->search()
 2 SYSTEMPATH\CodeIgniter.php(497): CodeIgniter\CodeIgniter->runController(Object(App\Controllers\Calendar))
 3 SYSTEMPATH\CodeIgniter.php(366): CodeIgniter\CodeIgniter->handleRequest(null, Object(Config\Cache), false)
 4 FCPATH\index.php(67): CodeIgniter\CodeIgniter->run()
CRITICAL - 2023-09-08 09:27:56 --> Too few arguments to function App\Controllers\Calendar::search(), 0 passed in C:\xampp\htdocs\kalendarz\system\CodeIgniter.php on line 932 and exactly 2 expected
in APPPATH\Controllers\Calendar.php on line 55.
 1 SYSTEMPATH\CodeIgniter.php(932): App\Controllers\Calendar->search()
 2 SYSTEMPATH\CodeIgniter.php(497): CodeIgniter\CodeIgniter->runController(Object(App\Controllers\Calendar))
 3 SYSTEMPATH\CodeIgniter.php(366): CodeIgniter\CodeIgniter->handleRequest(null, Object(Config\Cache), false)
 4 FCPATH\index.php(67): CodeIgniter\CodeIgniter->run()
CRITICAL - 2023-09-08 09:27:56 --> Too few arguments to function App\Controllers\Calendar::search(), 0 passed in C:\xampp\htdocs\kalendarz\system\CodeIgniter.php on line 932 and exactly 2 expected
in APPPATH\Controllers\Calendar.php on line 55.
 1 SYSTEMPATH\CodeIgniter.php(932): App\Controllers\Calendar->search()
 2 SYSTEMPATH\CodeIgniter.php(497): CodeIgniter\CodeIgniter->runController(Object(App\Controllers\Calendar))
 3 SYSTEMPATH\CodeIgniter.php(366): CodeIgniter\CodeIgniter->handleRequest(null, Object(Config\Cache), false)
 4 FCPATH\index.php(67): CodeIgniter\CodeIgniter->run()
CRITICAL - 2023-09-08 09:27:56 --> Too few arguments to function App\Controllers\Calendar::search(), 0 passed in C:\xampp\htdocs\kalendarz\system\CodeIgniter.php on line 932 and exactly 2 expected
in APPPATH\Controllers\Calendar.php on line 55.
 1 SYSTEMPATH\CodeIgniter.php(932): App\Controllers\Calendar->search()
 2 SYSTEMPATH\CodeIgniter.php(497): CodeIgniter\CodeIgniter->runController(Object(App\Controllers\Calendar))
 3 SYSTEMPATH\CodeIgniter.php(366): CodeIgniter\CodeIgniter->handleRequest(null, Object(Config\Cache), false)
 4 FCPATH\index.php(67): CodeIgniter\CodeIgniter->run()
CRITICAL - 2023-09-08 09:27:57 --> Too few arguments to function App\Controllers\Calendar::search(), 0 passed in C:\xampp\htdocs\kalendarz\system\CodeIgniter.php on line 932 and exactly 2 expected
in APPPATH\Controllers\Calendar.php on line 55.
 1 SYSTEMPATH\CodeIgniter.php(932): App\Controllers\Calendar->search()
 2 SYSTEMPATH\CodeIgniter.php(497): CodeIgniter\CodeIgniter->runController(Object(App\Controllers\Calendar))
 3 SYSTEMPATH\CodeIgniter.php(366): CodeIgniter\CodeIgniter->handleRequest(null, Object(Config\Cache), false)
 4 FCPATH\index.php(67): CodeIgniter\CodeIgniter->run()
CRITICAL - 2023-09-08 09:27:57 --> Too few arguments to function App\Controllers\Calendar::search(), 0 passed in C:\xampp\htdocs\kalendarz\system\CodeIgniter.php on line 932 and exactly 2 expected
in APPPATH\Controllers\Calendar.php on line 55.
 1 SYSTEMPATH\CodeIgniter.php(932): App\Controllers\Calendar->search()
 2 SYSTEMPATH\CodeIgniter.php(497): CodeIgniter\CodeIgniter->runController(Object(App\Controllers\Calendar))
 3 SYSTEMPATH\CodeIgniter.php(366): CodeIgniter\CodeIgniter->handleRequest(null, Object(Config\Cache), false)
 4 FCPATH\index.php(67): CodeIgniter\CodeIgniter->run()
CRITICAL - 2023-09-08 09:27:57 --> Too few arguments to function App\Controllers\Calendar::search(), 0 passed in C:\xampp\htdocs\kalendarz\system\CodeIgniter.php on line 932 and exactly 2 expected
in APPPATH\Controllers\Calendar.php on line 55.
 1 SYSTEMPATH\CodeIgniter.php(932): App\Controllers\Calendar->search()
 2 SYSTEMPATH\CodeIgniter.php(497): CodeIgniter\CodeIgniter->runController(Object(App\Controllers\Calendar))
 3 SYSTEMPATH\CodeIgniter.php(366): CodeIgniter\CodeIgniter->handleRequest(null, Object(Config\Cache), false)
 4 FCPATH\index.php(67): CodeIgniter\CodeIgniter->run()
CRITICAL - 2023-09-08 09:28:18 --> Too few arguments to function App\Controllers\Calendar::search(), 0 passed in C:\xampp\htdocs\kalendarz\system\CodeIgniter.php on line 932 and exactly 2 expected
in APPPATH\Controllers\Calendar.php on line 55.
 1 SYSTEMPATH\CodeIgniter.php(932): App\Controllers\Calendar->search()
 2 SYSTEMPATH\CodeIgniter.php(497): CodeIgniter\CodeIgniter->runController(Object(App\Controllers\Calendar))
 3 SYSTEMPATH\CodeIgniter.php(366): CodeIgniter\CodeIgniter->handleRequest(null, Object(Config\Cache), false)
 4 FCPATH\index.php(67): CodeIgniter\CodeIgniter->run()
CRITICAL - 2023-09-08 09:28:35 --> Too few arguments to function App\Controllers\Calendar::search(), 0 passed in C:\xampp\htdocs\kalendarz\system\CodeIgniter.php on line 932 and exactly 2 expected
in APPPATH\Controllers\Calendar.php on line 55.
 1 SYSTEMPATH\CodeIgniter.php(932): App\Controllers\Calendar->search()
 2 SYSTEMPATH\CodeIgniter.php(497): CodeIgniter\CodeIgniter->runController(Object(App\Controllers\Calendar))
 3 SYSTEMPATH\CodeIgniter.php(366): CodeIgniter\CodeIgniter->handleRequest(null, Object(Config\Cache), false)
 4 FCPATH\index.php(67): CodeIgniter\CodeIgniter->run()
CRITICAL - 2023-09-08 09:28:37 --> Too few arguments to function App\Controllers\Calendar::search(), 0 passed in C:\xampp\htdocs\kalendarz\system\CodeIgniter.php on line 932 and exactly 2 expected
in APPPATH\Controllers\Calendar.php on line 55.
 1 SYSTEMPATH\CodeIgniter.php(932): App\Controllers\Calendar->search()
 2 SYSTEMPATH\CodeIgniter.php(497): CodeIgniter\CodeIgniter->runController(Object(App\Controllers\Calendar))
 3 SYSTEMPATH\CodeIgniter.php(366): CodeIgniter\CodeIgniter->handleRequest(null, Object(Config\Cache), false)
 4 FCPATH\index.php(67): CodeIgniter\CodeIgniter->run()
CRITICAL - 2023-09-08 09:28:37 --> Too few arguments to function App\Controllers\Calendar::search(), 0 passed in C:\xampp\htdocs\kalendarz\system\CodeIgniter.php on line 932 and exactly 2 expected
in APPPATH\Controllers\Calendar.php on line 55.
 1 SYSTEMPATH\CodeIgniter.php(932): App\Controllers\Calendar->search()
 2 SYSTEMPATH\CodeIgniter.php(497): CodeIgniter\CodeIgniter->runController(Object(App\Controllers\Calendar))
 3 SYSTEMPATH\CodeIgniter.php(366): CodeIgniter\CodeIgniter->handleRequest(null, Object(Config\Cache), false)
 4 FCPATH\index.php(67): CodeIgniter\CodeIgniter->run()
CRITICAL - 2023-09-08 09:28:37 --> Too few arguments to function App\Controllers\Calendar::search(), 0 passed in C:\xampp\htdocs\kalendarz\system\CodeIgniter.php on line 932 and exactly 2 expected
in APPPATH\Controllers\Calendar.php on line 55.
 1 SYSTEMPATH\CodeIgniter.php(932): App\Controllers\Calendar->search()
 2 SYSTEMPATH\CodeIgniter.php(497): CodeIgniter\CodeIgniter->runController(Object(App\Controllers\Calendar))
 3 SYSTEMPATH\CodeIgniter.php(366): CodeIgniter\CodeIgniter->handleRequest(null, Object(Config\Cache), false)
 4 FCPATH\index.php(67): CodeIgniter\CodeIgniter->run()
CRITICAL - 2023-09-08 09:28:37 --> Too few arguments to function App\Controllers\Calendar::search(), 0 passed in C:\xampp\htdocs\kalendarz\system\CodeIgniter.php on line 932 and exactly 2 expected
in APPPATH\Controllers\Calendar.php on line 55.
 1 SYSTEMPATH\CodeIgniter.php(932): App\Controllers\Calendar->search()
 2 SYSTEMPATH\CodeIgniter.php(497): CodeIgniter\CodeIgniter->runController(Object(App\Controllers\Calendar))
 3 SYSTEMPATH\CodeIgniter.php(366): CodeIgniter\CodeIgniter->handleRequest(null, Object(Config\Cache), false)
 4 FCPATH\index.php(67): CodeIgniter\CodeIgniter->run()
CRITICAL - 2023-09-08 09:28:37 --> Too few arguments to function App\Controllers\Calendar::search(), 0 passed in C:\xampp\htdocs\kalendarz\system\CodeIgniter.php on line 932 and exactly 2 expected
in APPPATH\Controllers\Calendar.php on line 55.
 1 SYSTEMPATH\CodeIgniter.php(932): App\Controllers\Calendar->search()
 2 SYSTEMPATH\CodeIgniter.php(497): CodeIgniter\CodeIgniter->runController(Object(App\Controllers\Calendar))
 3 SYSTEMPATH\CodeIgniter.php(366): CodeIgniter\CodeIgniter->handleRequest(null, Object(Config\Cache), false)
 4 FCPATH\index.php(67): CodeIgniter\CodeIgniter->run()
CRITICAL - 2023-09-08 09:28:40 --> Too few arguments to function App\Controllers\Calendar::search(), 0 passed in C:\xampp\htdocs\kalendarz\system\CodeIgniter.php on line 932 and exactly 2 expected
in APPPATH\Controllers\Calendar.php on line 55.
 1 SYSTEMPATH\CodeIgniter.php(932): App\Controllers\Calendar->search()
 2 SYSTEMPATH\CodeIgniter.php(497): CodeIgniter\CodeIgniter->runController(Object(App\Controllers\Calendar))
 3 SYSTEMPATH\CodeIgniter.php(366): CodeIgniter\CodeIgniter->handleRequest(null, Object(Config\Cache), false)
 4 FCPATH\index.php(67): CodeIgniter\CodeIgniter->run()
CRITICAL - 2023-09-08 09:28:40 --> Too few arguments to function App\Controllers\Calendar::search(), 0 passed in C:\xampp\htdocs\kalendarz\system\CodeIgniter.php on line 932 and exactly 2 expected
in APPPATH\Controllers\Calendar.php on line 55.
 1 SYSTEMPATH\CodeIgniter.php(932): App\Controllers\Calendar->search()
 2 SYSTEMPATH\CodeIgniter.php(497): CodeIgniter\CodeIgniter->runController(Object(App\Controllers\Calendar))
 3 SYSTEMPATH\CodeIgniter.php(366): CodeIgniter\CodeIgniter->handleRequest(null, Object(Config\Cache), false)
 4 FCPATH\index.php(67): CodeIgniter\CodeIgniter->run()
CRITICAL - 2023-09-08 09:28:41 --> Too few arguments to function App\Controllers\Calendar::search(), 0 passed in C:\xampp\htdocs\kalendarz\system\CodeIgniter.php on line 932 and exactly 2 expected
in APPPATH\Controllers\Calendar.php on line 55.
 1 SYSTEMPATH\CodeIgniter.php(932): App\Controllers\Calendar->search()
 2 SYSTEMPATH\CodeIgniter.php(497): CodeIgniter\CodeIgniter->runController(Object(App\Controllers\Calendar))
 3 SYSTEMPATH\CodeIgniter.php(366): CodeIgniter\CodeIgniter->handleRequest(null, Object(Config\Cache), false)
 4 FCPATH\index.php(67): CodeIgniter\CodeIgniter->run()
CRITICAL - 2023-09-08 09:28:41 --> Too few arguments to function App\Controllers\Calendar::search(), 0 passed in C:\xampp\htdocs\kalendarz\system\CodeIgniter.php on line 932 and exactly 2 expected
in APPPATH\Controllers\Calendar.php on line 55.
 1 SYSTEMPATH\CodeIgniter.php(932): App\Controllers\Calendar->search()
 2 SYSTEMPATH\CodeIgniter.php(497): CodeIgniter\CodeIgniter->runController(Object(App\Controllers\Calendar))
 3 SYSTEMPATH\CodeIgniter.php(366): CodeIgniter\CodeIgniter->handleRequest(null, Object(Config\Cache), false)
 4 FCPATH\index.php(67): CodeIgniter\CodeIgniter->run()
CRITICAL - 2023-09-08 09:28:41 --> Too few arguments to function App\Controllers\Calendar::search(), 0 passed in C:\xampp\htdocs\kalendarz\system\CodeIgniter.php on line 932 and exactly 2 expected
in APPPATH\Controllers\Calendar.php on line 55.
 1 SYSTEMPATH\CodeIgniter.php(932): App\Controllers\Calendar->search()
 2 SYSTEMPATH\CodeIgniter.php(497): CodeIgniter\CodeIgniter->runController(Object(App\Controllers\Calendar))
 3 SYSTEMPATH\CodeIgniter.php(366): CodeIgniter\CodeIgniter->handleRequest(null, Object(Config\Cache), false)
 4 FCPATH\index.php(67): CodeIgniter\CodeIgniter->run()
CRITICAL - 2023-09-08 09:29:08 --> Too few arguments to function App\Controllers\Calendar::search(), 0 passed in C:\xampp\htdocs\kalendarz\system\CodeIgniter.php on line 932 and exactly 2 expected
in APPPATH\Controllers\Calendar.php on line 55.
 1 SYSTEMPATH\CodeIgniter.php(932): App\Controllers\Calendar->search()
 2 SYSTEMPATH\CodeIgniter.php(497): CodeIgniter\CodeIgniter->runController(Object(App\Controllers\Calendar))
 3 SYSTEMPATH\CodeIgniter.php(366): CodeIgniter\CodeIgniter->handleRequest(null, Object(Config\Cache), false)
 4 FCPATH\index.php(67): CodeIgniter\CodeIgniter->run()
CRITICAL - 2023-09-08 09:29:33 --> Too few arguments to function App\Controllers\Calendar::search(), 0 passed in C:\xampp\htdocs\kalendarz\system\CodeIgniter.php on line 932 and exactly 2 expected
in APPPATH\Controllers\Calendar.php on line 55.
 1 SYSTEMPATH\CodeIgniter.php(932): App\Controllers\Calendar->search()
 2 SYSTEMPATH\CodeIgniter.php(497): CodeIgniter\CodeIgniter->runController(Object(App\Controllers\Calendar))
 3 SYSTEMPATH\CodeIgniter.php(366): CodeIgniter\CodeIgniter->handleRequest(null, Object(Config\Cache), false)
 4 FCPATH\index.php(67): CodeIgniter\CodeIgniter->run()
CRITICAL - 2023-09-08 09:48:58 --> Too few arguments to function App\Controllers\Calendar::search(), 0 passed in C:\xampp\htdocs\kalendarz\system\CodeIgniter.php on line 932 and exactly 2 expected
in APPPATH\Controllers\Calendar.php on line 55.
 1 SYSTEMPATH\CodeIgniter.php(932): App\Controllers\Calendar->search()
 2 SYSTEMPATH\CodeIgniter.php(497): CodeIgniter\CodeIgniter->runController(Object(App\Controllers\Calendar))
 3 SYSTEMPATH\CodeIgniter.php(366): CodeIgniter\CodeIgniter->handleRequest(null, Object(Config\Cache), false)
 4 FCPATH\index.php(67): CodeIgniter\CodeIgniter->run()
