WARNING - 2023-09-15 05:49:26 --> [DEPRECATED] Function strftime() is deprecated in APPPATH\Models\Calendar_model.php on line 16.
 1 APPPATH\Controllers\Calendar.php(36): App\Models\Calendar_model->getAbsences()
 2 SYSTEMPATH\CodeIgniter.php(932): App\Controllers\Calendar->index()
 3 SYSTEMPATH\CodeIgniter.php(497): CodeIgniter\CodeIgniter->runController(Object(App\Controllers\Calendar))
 4 SYSTEMPATH\CodeIgniter.php(366): CodeIgniter\CodeIgniter->handleRequest(null, Object(Config\Cache), false)
 5 FCPATH\index.php(67): CodeIgniter\CodeIgniter->run()
WARNING - 2023-09-15 05:49:58 --> [DEPRECATED] Function strftime() is deprecated in APPPATH\Models\Calendar_model.php on line 16.
 1 APPPATH\Controllers\Calendar.php(36): App\Models\Calendar_model->getAbsences()
 2 SYSTEMPATH\CodeIgniter.php(932): App\Controllers\Calendar->index()
 3 SYSTEMPATH\CodeIgniter.php(497): CodeIgniter\CodeIgniter->runController(Object(App\Controllers\Calendar))
 4 SYSTEMPATH\CodeIgniter.php(366): CodeIgniter\CodeIgniter->handleRequest(null, Object(Config\Cache), false)
 5 FCPATH\index.php(67): CodeIgniter\CodeIgniter->run()
WARNING - 2023-09-15 06:04:23 --> [DEPRECATED] Function strftime() is deprecated in APPPATH\Models\Calendar_model.php on line 16.
 1 APPPATH\Controllers\Calendar.php(36): App\Models\Calendar_model->getAbsences()
 2 SYSTEMPATH\CodeIgniter.php(932): App\Controllers\Calendar->index()
 3 SYSTEMPATH\CodeIgniter.php(497): CodeIgniter\CodeIgniter->runController(Object(App\Controllers\Calendar))
 4 SYSTEMPATH\CodeIgniter.php(366): CodeIgniter\CodeIgniter->handleRequest(null, Object(Config\Cache), false)
 5 FCPATH\index.php(67): CodeIgniter\CodeIgniter->run()
CRITICAL - 2023-09-15 06:04:23 --> unlink(C:\xampp\htdocs\kalendarz\writable\debugbar/debugbar_1694693762.512492.json): No such file or directory
in SYSTEMPATH\Debug\Toolbar\Collectors\History.php on line 76.
 1 [internal function]: CodeIgniter\Debug\Exceptions->errorHandler(2, 'unlink(C:\\xampp\\htdocs\\kalendarz\\writable\\debugbar/debugbar_1694693762.512492.json): No such file or directory', 'C:\\xampp\\htdocs\\kalendarz\\system\\Debug\\Toolbar\\Collectors\\History.php', 76)
 2 SYSTEMPATH\Debug\Toolbar\Collectors\History.php(76): unlink('C:\\xampp\\htdocs\\kalendarz\\writable\\debugbar/debugbar_1694693762.512492.json')
 3 SYSTEMPATH\Debug\Toolbar.php(495): CodeIgniter\Debug\Toolbar\Collectors\History->setFiles('1694757863.627488', 20)
 4 SYSTEMPATH\Debug\Toolbar.php(474): CodeIgniter\Debug\Toolbar->format([...], 'html')
 5 APPPATH\Config\Events.php(46): CodeIgniter\Debug\Toolbar->respond()
 6 SYSTEMPATH\Events\Events.php(148): CodeIgniter\Events\Events::Config\{closure}()
 7 SYSTEMPATH\CodeIgniter.php(348): CodeIgniter\Events\Events::trigger('pre_system')
 8 FCPATH\index.php(67): CodeIgniter\CodeIgniter->run()
WARNING - 2023-09-15 06:04:24 --> [DEPRECATED] Function strftime() is deprecated in APPPATH\Models\Calendar_model.php on line 16.
 1 APPPATH\Controllers\Calendar.php(36): App\Models\Calendar_model->getAbsences()
 2 SYSTEMPATH\CodeIgniter.php(932): App\Controllers\Calendar->index()
 3 SYSTEMPATH\CodeIgniter.php(497): CodeIgniter\CodeIgniter->runController(Object(App\Controllers\Calendar))
 4 SYSTEMPATH\CodeIgniter.php(366): CodeIgniter\CodeIgniter->handleRequest(null, Object(Config\Cache), false)
 5 FCPATH\index.php(67): CodeIgniter\CodeIgniter->run()
WARNING - 2023-09-15 06:12:45 --> [DEPRECATED] Function strftime() is deprecated in APPPATH\Models\Calendar_model.php on line 16.
 1 APPPATH\Controllers\Calendar.php(36): App\Models\Calendar_model->getAbsences()
 2 SYSTEMPATH\CodeIgniter.php(932): App\Controllers\Calendar->index()
 3 SYSTEMPATH\CodeIgniter.php(497): CodeIgniter\CodeIgniter->runController(Object(App\Controllers\Calendar))
 4 SYSTEMPATH\CodeIgniter.php(366): CodeIgniter\CodeIgniter->handleRequest(null, Object(Config\Cache), false)
 5 FCPATH\index.php(67): CodeIgniter\CodeIgniter->run()
WARNING - 2023-09-15 06:12:54 --> [DEPRECATED] Function strftime() is deprecated in APPPATH\Models\Calendar_model.php on line 85.
 1 APPPATH\Controllers\Calendar.php(27): App\Models\Calendar_model->getAbsencesByName('Anton')
 2 SYSTEMPATH\CodeIgniter.php(932): App\Controllers\Calendar->index()
 3 SYSTEMPATH\CodeIgniter.php(497): CodeIgniter\CodeIgniter->runController(Object(App\Controllers\Calendar))
 4 SYSTEMPATH\CodeIgniter.php(366): CodeIgniter\CodeIgniter->handleRequest(null, Object(Config\Cache), false)
 5 FCPATH\index.php(67): CodeIgniter\CodeIgniter->run()
WARNING - 2023-09-15 06:47:10 --> [DEPRECATED] Function strftime() is deprecated in APPPATH\Models\Calendar_model.php on line 16.
 1 APPPATH\Controllers\Calendar.php(36): App\Models\Calendar_model->getAbsences()
 2 SYSTEMPATH\CodeIgniter.php(932): App\Controllers\Calendar->index()
 3 SYSTEMPATH\CodeIgniter.php(497): CodeIgniter\CodeIgniter->runController(Object(App\Controllers\Calendar))
 4 SYSTEMPATH\CodeIgniter.php(366): CodeIgniter\CodeIgniter->handleRequest(null, Object(Config\Cache), false)
 5 FCPATH\index.php(67): CodeIgniter\CodeIgniter->run()
WARNING - 2023-09-15 08:00:47 --> [DEPRECATED] Function strftime() is deprecated in APPPATH\Models\Calendar_model.php on line 109.
 1 APPPATH\Controllers\Calendar.php(30): App\Models\Calendar_model->getAbsencesBySurname('Gramacki')
 2 SYSTEMPATH\CodeIgniter.php(932): App\Controllers\Calendar->index()
 3 SYSTEMPATH\CodeIgniter.php(497): CodeIgniter\CodeIgniter->runController(Object(App\Controllers\Calendar))
 4 SYSTEMPATH\CodeIgniter.php(366): CodeIgniter\CodeIgniter->handleRequest(null, Object(Config\Cache), false)
 5 FCPATH\index.php(67): CodeIgniter\CodeIgniter->run()
WARNING - 2023-09-15 08:00:47 --> [DEPRECATED] Function strftime() is deprecated in APPPATH\Models\Calendar_model.php on line 109.
 1 APPPATH\Controllers\Calendar.php(30): App\Models\Calendar_model->getAbsencesBySurname('Gramacki')
 2 SYSTEMPATH\CodeIgniter.php(932): App\Controllers\Calendar->index()
 3 SYSTEMPATH\CodeIgniter.php(497): CodeIgniter\CodeIgniter->runController(Object(App\Controllers\Calendar))
 4 SYSTEMPATH\CodeIgniter.php(366): CodeIgniter\CodeIgniter->handleRequest(null, Object(Config\Cache), false)
 5 FCPATH\index.php(67): CodeIgniter\CodeIgniter->run()
WARNING - 2023-09-15 08:00:47 --> [DEPRECATED] Function strftime() is deprecated in APPPATH\Models\Calendar_model.php on line 109.
 1 APPPATH\Controllers\Calendar.php(30): App\Models\Calendar_model->getAbsencesBySurname('Gramacki')
 2 SYSTEMPATH\CodeIgniter.php(932): App\Controllers\Calendar->index()
 3 SYSTEMPATH\CodeIgniter.php(497): CodeIgniter\CodeIgniter->runController(Object(App\Controllers\Calendar))
 4 SYSTEMPATH\CodeIgniter.php(366): CodeIgniter\CodeIgniter->handleRequest(null, Object(Config\Cache), false)
 5 FCPATH\index.php(67): CodeIgniter\CodeIgniter->run()
WARNING - 2023-09-15 08:00:47 --> [DEPRECATED] Function strftime() is deprecated in APPPATH\Models\Calendar_model.php on line 109.
 1 APPPATH\Controllers\Calendar.php(30): App\Models\Calendar_model->getAbsencesBySurname('Gramacki')
 2 SYSTEMPATH\CodeIgniter.php(932): App\Controllers\Calendar->index()
 3 SYSTEMPATH\CodeIgniter.php(497): CodeIgniter\CodeIgniter->runController(Object(App\Controllers\Calendar))
 4 SYSTEMPATH\CodeIgniter.php(366): CodeIgniter\CodeIgniter->handleRequest(null, Object(Config\Cache), false)
 5 FCPATH\index.php(67): CodeIgniter\CodeIgniter->run()
WARNING - 2023-09-15 08:00:47 --> [DEPRECATED] Function strftime() is deprecated in APPPATH\Models\Calendar_model.php on line 109.
 1 APPPATH\Controllers\Calendar.php(30): App\Models\Calendar_model->getAbsencesBySurname('Gramacki')
 2 SYSTEMPATH\CodeIgniter.php(932): App\Controllers\Calendar->index()
 3 SYSTEMPATH\CodeIgniter.php(497): CodeIgniter\CodeIgniter->runController(Object(App\Controllers\Calendar))
 4 SYSTEMPATH\CodeIgniter.php(366): CodeIgniter\CodeIgniter->handleRequest(null, Object(Config\Cache), false)
 5 FCPATH\index.php(67): CodeIgniter\CodeIgniter->run()
WARNING - 2023-09-15 08:00:47 --> [DEPRECATED] Function strftime() is deprecated in APPPATH\Models\Calendar_model.php on line 109.
 1 APPPATH\Controllers\Calendar.php(30): App\Models\Calendar_model->getAbsencesBySurname('Gramacki')
 2 SYSTEMPATH\CodeIgniter.php(932): App\Controllers\Calendar->index()
 3 SYSTEMPATH\CodeIgniter.php(497): CodeIgniter\CodeIgniter->runController(Object(App\Controllers\Calendar))
 4 SYSTEMPATH\CodeIgniter.php(366): CodeIgniter\CodeIgniter->handleRequest(null, Object(Config\Cache), false)
 5 FCPATH\index.php(67): CodeIgniter\CodeIgniter->run()
WARNING - 2023-09-15 08:00:47 --> [DEPRECATED] Function strftime() is deprecated in APPPATH\Models\Calendar_model.php on line 109.
 1 APPPATH\Controllers\Calendar.php(30): App\Models\Calendar_model->getAbsencesBySurname('Gramacki')
 2 SYSTEMPATH\CodeIgniter.php(932): App\Controllers\Calendar->index()
 3 SYSTEMPATH\CodeIgniter.php(497): CodeIgniter\CodeIgniter->runController(Object(App\Controllers\Calendar))
 4 SYSTEMPATH\CodeIgniter.php(366): CodeIgniter\CodeIgniter->handleRequest(null, Object(Config\Cache), false)
 5 FCPATH\index.php(67): CodeIgniter\CodeIgniter->run()
WARNING - 2023-09-15 08:00:47 --> [DEPRECATED] Function strftime() is deprecated in APPPATH\Models\Calendar_model.php on line 109.
 1 APPPATH\Controllers\Calendar.php(30): App\Models\Calendar_model->getAbsencesBySurname('Gramacki')
 2 SYSTEMPATH\CodeIgniter.php(932): App\Controllers\Calendar->index()
 3 SYSTEMPATH\CodeIgniter.php(497): CodeIgniter\CodeIgniter->runController(Object(App\Controllers\Calendar))
 4 SYSTEMPATH\CodeIgniter.php(366): CodeIgniter\CodeIgniter->handleRequest(null, Object(Config\Cache), false)
 5 FCPATH\index.php(67): CodeIgniter\CodeIgniter->run()
WARNING - 2023-09-15 08:00:47 --> [DEPRECATED] Function strftime() is deprecated in APPPATH\Models\Calendar_model.php on line 109.
 1 APPPATH\Controllers\Calendar.php(30): App\Models\Calendar_model->getAbsencesBySurname('Gramacki')
 2 SYSTEMPATH\CodeIgniter.php(932): App\Controllers\Calendar->index()
 3 SYSTEMPATH\CodeIgniter.php(497): CodeIgniter\CodeIgniter->runController(Object(App\Controllers\Calendar))
 4 SYSTEMPATH\CodeIgniter.php(366): CodeIgniter\CodeIgniter->handleRequest(null, Object(Config\Cache), false)
 5 FCPATH\index.php(67): CodeIgniter\CodeIgniter->run()
WARNING - 2023-09-15 08:00:48 --> [DEPRECATED] Function strftime() is deprecated in APPPATH\Models\Calendar_model.php on line 109.
 1 APPPATH\Controllers\Calendar.php(30): App\Models\Calendar_model->getAbsencesBySurname('Gramacki')
 2 SYSTEMPATH\CodeIgniter.php(932): App\Controllers\Calendar->index()
 3 SYSTEMPATH\CodeIgniter.php(497): CodeIgniter\CodeIgniter->runController(Object(App\Controllers\Calendar))
 4 SYSTEMPATH\CodeIgniter.php(366): CodeIgniter\CodeIgniter->handleRequest(null, Object(Config\Cache), false)
 5 FCPATH\index.php(67): CodeIgniter\CodeIgniter->run()
WARNING - 2023-09-15 08:00:54 --> [DEPRECATED] Function strftime() is deprecated in APPPATH\Models\Calendar_model.php on line 109.
 1 APPPATH\Controllers\Calendar.php(30): App\Models\Calendar_model->getAbsencesBySurname('Gramacki')
 2 SYSTEMPATH\CodeIgniter.php(932): App\Controllers\Calendar->index()
 3 SYSTEMPATH\CodeIgniter.php(497): CodeIgniter\CodeIgniter->runController(Object(App\Controllers\Calendar))
 4 SYSTEMPATH\CodeIgniter.php(366): CodeIgniter\CodeIgniter->handleRequest(null, Object(Config\Cache), false)
 5 FCPATH\index.php(67): CodeIgniter\CodeIgniter->run()
WARNING - 2023-09-15 08:02:30 --> [DEPRECATED] Function strftime() is deprecated in APPPATH\Models\Calendar_model.php on line 109.
 1 APPPATH\Controllers\Calendar.php(30): App\Models\Calendar_model->getAbsencesBySurname('Stefanowicz')
 2 SYSTEMPATH\CodeIgniter.php(932): App\Controllers\Calendar->index()
 3 SYSTEMPATH\CodeIgniter.php(497): CodeIgniter\CodeIgniter->runController(Object(App\Controllers\Calendar))
 4 SYSTEMPATH\CodeIgniter.php(366): CodeIgniter\CodeIgniter->handleRequest(null, Object(Config\Cache), false)
 5 FCPATH\index.php(67): CodeIgniter\CodeIgniter->run()
WARNING - 2023-09-15 08:02:47 --> [DEPRECATED] Function strftime() is deprecated in APPPATH\Models\Calendar_model.php on line 109.
 1 APPPATH\Controllers\Calendar.php(30): App\Models\Calendar_model->getAbsencesBySurname('Gramacki')
 2 SYSTEMPATH\CodeIgniter.php(932): App\Controllers\Calendar->index()
 3 SYSTEMPATH\CodeIgniter.php(497): CodeIgniter\CodeIgniter->runController(Object(App\Controllers\Calendar))
 4 SYSTEMPATH\CodeIgniter.php(366): CodeIgniter\CodeIgniter->handleRequest(null, Object(Config\Cache), false)
 5 FCPATH\index.php(67): CodeIgniter\CodeIgniter->run()
WARNING - 2023-09-15 08:13:51 --> [DEPRECATED] Function strftime() is deprecated in APPPATH\Models\Calendar_model.php on line 109.
 1 APPPATH\Controllers\Calendar.php(30): App\Models\Calendar_model->getAbsencesBySurname('berer')
 2 SYSTEMPATH\CodeIgniter.php(932): App\Controllers\Calendar->index()
 3 SYSTEMPATH\CodeIgniter.php(497): CodeIgniter\CodeIgniter->runController(Object(App\Controllers\Calendar))
 4 SYSTEMPATH\CodeIgniter.php(366): CodeIgniter\CodeIgniter->handleRequest(null, Object(Config\Cache), false)
 5 FCPATH\index.php(67): CodeIgniter\CodeIgniter->run()
WARNING - 2023-09-15 08:13:52 --> [DEPRECATED] Function strftime() is deprecated in APPPATH\Models\Calendar_model.php on line 109.
 1 APPPATH\Controllers\Calendar.php(30): App\Models\Calendar_model->getAbsencesBySurname('berer')
 2 SYSTEMPATH\CodeIgniter.php(932): App\Controllers\Calendar->index()
 3 SYSTEMPATH\CodeIgniter.php(497): CodeIgniter\CodeIgniter->runController(Object(App\Controllers\Calendar))
 4 SYSTEMPATH\CodeIgniter.php(366): CodeIgniter\CodeIgniter->handleRequest(null, Object(Config\Cache), false)
 5 FCPATH\index.php(67): CodeIgniter\CodeIgniter->run()
WARNING - 2023-09-15 08:17:57 --> [DEPRECATED] Function strftime() is deprecated in APPPATH\Models\Calendar_model.php on line 16.
 1 APPPATH\Controllers\Calendar.php(36): App\Models\Calendar_model->getAbsences()
 2 SYSTEMPATH\CodeIgniter.php(932): App\Controllers\Calendar->index()
 3 SYSTEMPATH\CodeIgniter.php(497): CodeIgniter\CodeIgniter->runController(Object(App\Controllers\Calendar))
 4 SYSTEMPATH\CodeIgniter.php(366): CodeIgniter\CodeIgniter->handleRequest(null, Object(Config\Cache), false)
 5 FCPATH\index.php(67): CodeIgniter\CodeIgniter->run()
WARNING - 2023-09-15 08:18:28 --> [DEPRECATED] Function strftime() is deprecated in APPPATH\Models\Calendar_model.php on line 109.
 1 APPPATH\Controllers\Calendar.php(30): App\Models\Calendar_model->getAbsencesBySurname('Konarczak')
 2 SYSTEMPATH\CodeIgniter.php(932): App\Controllers\Calendar->index()
 3 SYSTEMPATH\CodeIgniter.php(497): CodeIgniter\CodeIgniter->runController(Object(App\Controllers\Calendar))
 4 SYSTEMPATH\CodeIgniter.php(366): CodeIgniter\CodeIgniter->handleRequest(null, Object(Config\Cache), false)
 5 FCPATH\index.php(67): CodeIgniter\CodeIgniter->run()
WARNING - 2023-09-15 08:33:23 --> [DEPRECATED] Function strftime() is deprecated in APPPATH\Models\Calendar_model.php on line 16.
 1 APPPATH\Controllers\Calendar.php(36): App\Models\Calendar_model->getAbsences()
 2 SYSTEMPATH\CodeIgniter.php(932): App\Controllers\Calendar->index()
 3 SYSTEMPATH\CodeIgniter.php(497): CodeIgniter\CodeIgniter->runController(Object(App\Controllers\Calendar))
 4 SYSTEMPATH\CodeIgniter.php(366): CodeIgniter\CodeIgniter->handleRequest(null, Object(Config\Cache), false)
 5 FCPATH\index.php(67): CodeIgniter\CodeIgniter->run()
CRITICAL - 2023-09-15 08:33:23 --> unlink(C:\xampp\htdocs\kalendarz\writable\debugbar/debugbar_1694764848.005670.json): No such file or directory
in SYSTEMPATH\Debug\Toolbar\Collectors\History.php on line 76.
 1 [internal function]: CodeIgniter\Debug\Exceptions->errorHandler(2, 'unlink(C:\\xampp\\htdocs\\kalendarz\\writable\\debugbar/debugbar_1694764848.005670.json): No such file or directory', 'C:\\xampp\\htdocs\\kalendarz\\system\\Debug\\Toolbar\\Collectors\\History.php', 76)
 2 SYSTEMPATH\Debug\Toolbar\Collectors\History.php(76): unlink('C:\\xampp\\htdocs\\kalendarz\\writable\\debugbar/debugbar_1694764848.005670.json')
 3 SYSTEMPATH\Debug\Toolbar.php(495): CodeIgniter\Debug\Toolbar\Collectors\History->setFiles('1694766803.602206', 20)
 4 SYSTEMPATH\Debug\Toolbar.php(474): CodeIgniter\Debug\Toolbar->format([...], 'html')
 5 APPPATH\Config\Events.php(46): CodeIgniter\Debug\Toolbar->respond()
 6 SYSTEMPATH\Events\Events.php(148): CodeIgniter\Events\Events::Config\{closure}()
 7 SYSTEMPATH\CodeIgniter.php(348): CodeIgniter\Events\Events::trigger('pre_system')
 8 FCPATH\index.php(67): CodeIgniter\CodeIgniter->run()
WARNING - 2023-09-15 08:38:16 --> [DEPRECATED] Function strftime() is deprecated in APPPATH\Models\Calendar_model.php on line 16.
 1 APPPATH\Controllers\Calendar.php(36): App\Models\Calendar_model->getAbsences()
 2 SYSTEMPATH\CodeIgniter.php(932): App\Controllers\Calendar->index()
 3 SYSTEMPATH\CodeIgniter.php(497): CodeIgniter\CodeIgniter->runController(Object(App\Controllers\Calendar))
 4 SYSTEMPATH\CodeIgniter.php(366): CodeIgniter\CodeIgniter->handleRequest(null, Object(Config\Cache), false)
 5 FCPATH\index.php(67): CodeIgniter\CodeIgniter->run()
WARNING - 2023-09-15 08:50:44 --> [DEPRECATED] Function strftime() is deprecated in APPPATH\Models\Calendar_model.php on line 16.
 1 APPPATH\Controllers\Calendar.php(36): App\Models\Calendar_model->getAbsences()
 2 SYSTEMPATH\CodeIgniter.php(932): App\Controllers\Calendar->index()
 3 SYSTEMPATH\CodeIgniter.php(497): CodeIgniter\CodeIgniter->runController(Object(App\Controllers\Calendar))
 4 SYSTEMPATH\CodeIgniter.php(366): CodeIgniter\CodeIgniter->handleRequest(null, Object(Config\Cache), false)
 5 FCPATH\index.php(67): CodeIgniter\CodeIgniter->run()
WARNING - 2023-09-15 08:55:13 --> [DEPRECATED] Function strftime() is deprecated in APPPATH\Models\Calendar_model.php on line 16.
 1 APPPATH\Controllers\Calendar.php(36): App\Models\Calendar_model->getAbsences()
 2 SYSTEMPATH\CodeIgniter.php(932): App\Controllers\Calendar->index()
 3 SYSTEMPATH\CodeIgniter.php(497): CodeIgniter\CodeIgniter->runController(Object(App\Controllers\Calendar))
 4 SYSTEMPATH\CodeIgniter.php(366): CodeIgniter\CodeIgniter->handleRequest(null, Object(Config\Cache), false)
 5 FCPATH\index.php(67): CodeIgniter\CodeIgniter->run()
WARNING - 2023-09-15 08:55:24 --> [DEPRECATED] Function strftime() is deprecated in APPPATH\Models\Calendar_model.php on line 109.
 1 APPPATH\Controllers\Calendar.php(30): App\Models\Calendar_model->getAbsencesBySurname('Nowak')
 2 SYSTEMPATH\CodeIgniter.php(932): App\Controllers\Calendar->index()
 3 SYSTEMPATH\CodeIgniter.php(497): CodeIgniter\CodeIgniter->runController(Object(App\Controllers\Calendar))
 4 SYSTEMPATH\CodeIgniter.php(366): CodeIgniter\CodeIgniter->handleRequest(null, Object(Config\Cache), false)
 5 FCPATH\index.php(67): CodeIgniter\CodeIgniter->run()
WARNING - 2023-09-15 08:55:44 --> [DEPRECATED] Function strftime() is deprecated in APPPATH\Models\Calendar_model.php on line 16.
 1 APPPATH\Controllers\Calendar.php(36): App\Models\Calendar_model->getAbsences()
 2 SYSTEMPATH\CodeIgniter.php(932): App\Controllers\Calendar->index()
 3 SYSTEMPATH\CodeIgniter.php(497): CodeIgniter\CodeIgniter->runController(Object(App\Controllers\Calendar))
 4 SYSTEMPATH\CodeIgniter.php(366): CodeIgniter\CodeIgniter->handleRequest(null, Object(Config\Cache), false)
 5 FCPATH\index.php(67): CodeIgniter\CodeIgniter->run()
WARNING - 2023-09-15 09:07:22 --> [DEPRECATED] Function strftime() is deprecated in APPPATH\Models\Calendar_model.php on line 16.
 1 APPPATH\Controllers\Calendar.php(36): App\Models\Calendar_model->getAbsences()
 2 SYSTEMPATH\CodeIgniter.php(932): App\Controllers\Calendar->index()
 3 SYSTEMPATH\CodeIgniter.php(497): CodeIgniter\CodeIgniter->runController(Object(App\Controllers\Calendar))
 4 SYSTEMPATH\CodeIgniter.php(366): CodeIgniter\CodeIgniter->handleRequest(null, Object(Config\Cache), false)
 5 FCPATH\index.php(67): CodeIgniter\CodeIgniter->run()
WARNING - 2023-09-15 09:07:44 --> [DEPRECATED] Function strftime() is deprecated in APPPATH\Models\Calendar_model.php on line 16.
 1 APPPATH\Controllers\Calendar.php(36): App\Models\Calendar_model->getAbsences()
 2 SYSTEMPATH\CodeIgniter.php(932): App\Controllers\Calendar->index()
 3 SYSTEMPATH\CodeIgniter.php(497): CodeIgniter\CodeIgniter->runController(Object(App\Controllers\Calendar))
 4 SYSTEMPATH\CodeIgniter.php(366): CodeIgniter\CodeIgniter->handleRequest(null, Object(Config\Cache), false)
 5 FCPATH\index.php(67): CodeIgniter\CodeIgniter->run()
WARNING - 2023-09-15 09:08:02 --> [DEPRECATED] Function strftime() is deprecated in APPPATH\Models\Calendar_model.php on line 16.
 1 APPPATH\Controllers\Calendar.php(36): App\Models\Calendar_model->getAbsences()
 2 SYSTEMPATH\CodeIgniter.php(932): App\Controllers\Calendar->index()
 3 SYSTEMPATH\CodeIgniter.php(497): CodeIgniter\CodeIgniter->runController(Object(App\Controllers\Calendar))
 4 SYSTEMPATH\CodeIgniter.php(366): CodeIgniter\CodeIgniter->handleRequest(null, Object(Config\Cache), false)
 5 FCPATH\index.php(67): CodeIgniter\CodeIgniter->run()
WARNING - 2023-09-15 09:08:24 --> [DEPRECATED] Function strftime() is deprecated in APPPATH\Models\Calendar_model.php on line 16.
 1 APPPATH\Controllers\Calendar.php(36): App\Models\Calendar_model->getAbsences()
 2 SYSTEMPATH\CodeIgniter.php(932): App\Controllers\Calendar->index()
 3 SYSTEMPATH\CodeIgniter.php(497): CodeIgniter\CodeIgniter->runController(Object(App\Controllers\Calendar))
 4 SYSTEMPATH\CodeIgniter.php(366): CodeIgniter\CodeIgniter->handleRequest(null, Object(Config\Cache), false)
 5 FCPATH\index.php(67): CodeIgniter\CodeIgniter->run()
WARNING - 2023-09-15 09:11:26 --> [DEPRECATED] Function strftime() is deprecated in APPPATH\Models\Calendar_model.php on line 16.
 1 APPPATH\Controllers\Calendar.php(36): App\Models\Calendar_model->getAbsences()
 2 SYSTEMPATH\CodeIgniter.php(932): App\Controllers\Calendar->index()
 3 SYSTEMPATH\CodeIgniter.php(497): CodeIgniter\CodeIgniter->runController(Object(App\Controllers\Calendar))
 4 SYSTEMPATH\CodeIgniter.php(366): CodeIgniter\CodeIgniter->handleRequest(null, Object(Config\Cache), false)
 5 FCPATH\index.php(67): CodeIgniter\CodeIgniter->run()
WARNING - 2023-09-15 09:12:59 --> [DEPRECATED] Function strftime() is deprecated in APPPATH\Models\Calendar_model.php on line 16.
 1 APPPATH\Controllers\Calendar.php(36): App\Models\Calendar_model->getAbsences()
 2 SYSTEMPATH\CodeIgniter.php(932): App\Controllers\Calendar->index()
 3 SYSTEMPATH\CodeIgniter.php(497): CodeIgniter\CodeIgniter->runController(Object(App\Controllers\Calendar))
 4 SYSTEMPATH\CodeIgniter.php(366): CodeIgniter\CodeIgniter->handleRequest(null, Object(Config\Cache), false)
 5 FCPATH\index.php(67): CodeIgniter\CodeIgniter->run()
WARNING - 2023-09-15 09:13:06 --> [DEPRECATED] Function strftime() is deprecated in APPPATH\Models\Calendar_model.php on line 16.
 1 APPPATH\Controllers\Data.php(10): App\Models\Calendar_model->getAbsences()
 2 SYSTEMPATH\CodeIgniter.php(932): App\Controllers\Data->getData()
 3 SYSTEMPATH\CodeIgniter.php(497): CodeIgniter\CodeIgniter->runController(Object(App\Controllers\Data))
 4 SYSTEMPATH\CodeIgniter.php(366): CodeIgniter\CodeIgniter->handleRequest(null, Object(Config\Cache), false)
 5 FCPATH\index.php(67): CodeIgniter\CodeIgniter->run()
WARNING - 2023-09-15 09:14:33 --> [DEPRECATED] Function strftime() is deprecated in APPPATH\Models\Calendar_model.php on line 16.
 1 APPPATH\Controllers\Calendar.php(36): App\Models\Calendar_model->getAbsences()
 2 SYSTEMPATH\CodeIgniter.php(932): App\Controllers\Calendar->index()
 3 SYSTEMPATH\CodeIgniter.php(497): CodeIgniter\CodeIgniter->runController(Object(App\Controllers\Calendar))
 4 SYSTEMPATH\CodeIgniter.php(366): CodeIgniter\CodeIgniter->handleRequest(null, Object(Config\Cache), false)
 5 FCPATH\index.php(67): CodeIgniter\CodeIgniter->run()
WARNING - 2023-09-15 09:16:10 --> [DEPRECATED] Function strftime() is deprecated in APPPATH\Models\Calendar_model.php on line 16.
 1 APPPATH\Controllers\Calendar.php(36): App\Models\Calendar_model->getAbsences()
 2 SYSTEMPATH\CodeIgniter.php(932): App\Controllers\Calendar->index()
 3 SYSTEMPATH\CodeIgniter.php(497): CodeIgniter\CodeIgniter->runController(Object(App\Controllers\Calendar))
 4 SYSTEMPATH\CodeIgniter.php(366): CodeIgniter\CodeIgniter->handleRequest(null, Object(Config\Cache), false)
 5 FCPATH\index.php(67): CodeIgniter\CodeIgniter->run()
WARNING - 2023-09-15 09:16:15 --> [DEPRECATED] Function strftime() is deprecated in APPPATH\Models\Calendar_model.php on line 16.
 1 APPPATH\Controllers\Calendar.php(36): App\Models\Calendar_model->getAbsences()
 2 SYSTEMPATH\CodeIgniter.php(932): App\Controllers\Calendar->index()
 3 SYSTEMPATH\CodeIgniter.php(497): CodeIgniter\CodeIgniter->runController(Object(App\Controllers\Calendar))
 4 SYSTEMPATH\CodeIgniter.php(366): CodeIgniter\CodeIgniter->handleRequest(null, Object(Config\Cache), false)
 5 FCPATH\index.php(67): CodeIgniter\CodeIgniter->run()
WARNING - 2023-09-15 09:17:21 --> [DEPRECATED] Function strftime() is deprecated in APPPATH\Models\Calendar_model.php on line 16.
 1 APPPATH\Controllers\Calendar.php(36): App\Models\Calendar_model->getAbsences()
 2 SYSTEMPATH\CodeIgniter.php(932): App\Controllers\Calendar->index()
 3 SYSTEMPATH\CodeIgniter.php(497): CodeIgniter\CodeIgniter->runController(Object(App\Controllers\Calendar))
 4 SYSTEMPATH\CodeIgniter.php(366): CodeIgniter\CodeIgniter->handleRequest(null, Object(Config\Cache), false)
 5 FCPATH\index.php(67): CodeIgniter\CodeIgniter->run()
WARNING - 2023-09-15 09:19:15 --> [DEPRECATED] Function strftime() is deprecated in APPPATH\Models\Calendar_model.php on line 16.
 1 APPPATH\Controllers\Calendar.php(36): App\Models\Calendar_model->getAbsences()
 2 SYSTEMPATH\CodeIgniter.php(932): App\Controllers\Calendar->index()
 3 SYSTEMPATH\CodeIgniter.php(497): CodeIgniter\CodeIgniter->runController(Object(App\Controllers\Calendar))
 4 SYSTEMPATH\CodeIgniter.php(366): CodeIgniter\CodeIgniter->handleRequest(null, Object(Config\Cache), false)
 5 FCPATH\index.php(67): CodeIgniter\CodeIgniter->run()
WARNING - 2023-09-15 09:19:54 --> [DEPRECATED] Function strftime() is deprecated in APPPATH\Models\Calendar_model.php on line 16.
 1 APPPATH\Controllers\Calendar.php(36): App\Models\Calendar_model->getAbsences()
 2 SYSTEMPATH\CodeIgniter.php(932): App\Controllers\Calendar->index()
 3 SYSTEMPATH\CodeIgniter.php(497): CodeIgniter\CodeIgniter->runController(Object(App\Controllers\Calendar))
 4 SYSTEMPATH\CodeIgniter.php(366): CodeIgniter\CodeIgniter->handleRequest(null, Object(Config\Cache), false)
 5 FCPATH\index.php(67): CodeIgniter\CodeIgniter->run()
WARNING - 2023-09-15 09:20:05 --> [DEPRECATED] Function strftime() is deprecated in APPPATH\Models\Calendar_model.php on line 16.
 1 APPPATH\Controllers\Calendar.php(36): App\Models\Calendar_model->getAbsences()
 2 SYSTEMPATH\CodeIgniter.php(932): App\Controllers\Calendar->index()
 3 SYSTEMPATH\CodeIgniter.php(497): CodeIgniter\CodeIgniter->runController(Object(App\Controllers\Calendar))
 4 SYSTEMPATH\CodeIgniter.php(366): CodeIgniter\CodeIgniter->handleRequest(null, Object(Config\Cache), false)
 5 FCPATH\index.php(67): CodeIgniter\CodeIgniter->run()
WARNING - 2023-09-15 09:28:38 --> [DEPRECATED] Function strftime() is deprecated in APPPATH\Models\Calendar_model.php on line 16.
 1 APPPATH\Controllers\Calendar.php(36): App\Models\Calendar_model->getAbsences()
 2 SYSTEMPATH\CodeIgniter.php(932): App\Controllers\Calendar->index()
 3 SYSTEMPATH\CodeIgniter.php(497): CodeIgniter\CodeIgniter->runController(Object(App\Controllers\Calendar))
 4 SYSTEMPATH\CodeIgniter.php(366): CodeIgniter\CodeIgniter->handleRequest(null, Object(Config\Cache), false)
 5 FCPATH\index.php(67): CodeIgniter\CodeIgniter->run()
WARNING - 2023-09-15 10:20:35 --> [DEPRECATED] Function strftime() is deprecated in APPPATH\Models\Calendar_model.php on line 16.
 1 APPPATH\Controllers\Calendar.php(36): App\Models\Calendar_model->getAbsences()
 2 SYSTEMPATH\CodeIgniter.php(932): App\Controllers\Calendar->index()
 3 SYSTEMPATH\CodeIgniter.php(497): CodeIgniter\CodeIgniter->runController(Object(App\Controllers\Calendar))
 4 SYSTEMPATH\CodeIgniter.php(366): CodeIgniter\CodeIgniter->handleRequest(null, Object(Config\Cache), false)
 5 FCPATH\index.php(67): CodeIgniter\CodeIgniter->run()
WARNING - 2023-09-15 10:32:21 --> [DEPRECATED] Function strftime() is deprecated in APPPATH\Models\Calendar_model.php on line 16.
 1 APPPATH\Controllers\Calendar.php(36): App\Models\Calendar_model->getAbsences()
 2 SYSTEMPATH\CodeIgniter.php(932): App\Controllers\Calendar->index()
 3 SYSTEMPATH\CodeIgniter.php(497): CodeIgniter\CodeIgniter->runController(Object(App\Controllers\Calendar))
 4 SYSTEMPATH\CodeIgniter.php(366): CodeIgniter\CodeIgniter->handleRequest(null, Object(Config\Cache), false)
 5 FCPATH\index.php(67): CodeIgniter\CodeIgniter->run()
WARNING - 2023-09-15 10:32:23 --> [DEPRECATED] Function strftime() is deprecated in APPPATH\Models\Calendar_model.php on line 16.
 1 APPPATH\Controllers\Calendar.php(36): App\Models\Calendar_model->getAbsences()
 2 SYSTEMPATH\CodeIgniter.php(932): App\Controllers\Calendar->index()
 3 SYSTEMPATH\CodeIgniter.php(497): CodeIgniter\CodeIgniter->runController(Object(App\Controllers\Calendar))
 4 SYSTEMPATH\CodeIgniter.php(366): CodeIgniter\CodeIgniter->handleRequest(null, Object(Config\Cache), false)
 5 FCPATH\index.php(67): CodeIgniter\CodeIgniter->run()
WARNING - 2023-09-15 10:35:49 --> [DEPRECATED] Function strftime() is deprecated in APPPATH\Models\Calendar_model.php on line 16.
 1 APPPATH\Controllers\Calendar.php(36): App\Models\Calendar_model->getAbsences()
 2 SYSTEMPATH\CodeIgniter.php(932): App\Controllers\Calendar->index()
 3 SYSTEMPATH\CodeIgniter.php(497): CodeIgniter\CodeIgniter->runController(Object(App\Controllers\Calendar))
 4 SYSTEMPATH\CodeIgniter.php(366): CodeIgniter\CodeIgniter->handleRequest(null, Object(Config\Cache), false)
 5 FCPATH\index.php(67): CodeIgniter\CodeIgniter->run()
WARNING - 2023-09-15 10:36:20 --> [DEPRECATED] Function strftime() is deprecated in APPPATH\Models\Calendar_model.php on line 86.
 1 APPPATH\Controllers\Calendar.php(27): App\Models\Calendar_model->getAbsencesByName('123')
 2 SYSTEMPATH\CodeIgniter.php(932): App\Controllers\Calendar->index()
 3 SYSTEMPATH\CodeIgniter.php(497): CodeIgniter\CodeIgniter->runController(Object(App\Controllers\Calendar))
 4 SYSTEMPATH\CodeIgniter.php(366): CodeIgniter\CodeIgniter->handleRequest(null, Object(Config\Cache), false)
 5 FCPATH\index.php(67): CodeIgniter\CodeIgniter->run()
WARNING - 2023-09-15 10:36:47 --> [DEPRECATED] Function strftime() is deprecated in APPPATH\Models\Calendar_model.php on line 16.
 1 APPPATH\Controllers\Calendar.php(36): App\Models\Calendar_model->getAbsences()
 2 SYSTEMPATH\CodeIgniter.php(932): App\Controllers\Calendar->index()
 3 SYSTEMPATH\CodeIgniter.php(497): CodeIgniter\CodeIgniter->runController(Object(App\Controllers\Calendar))
 4 SYSTEMPATH\CodeIgniter.php(366): CodeIgniter\CodeIgniter->handleRequest(null, Object(Config\Cache), false)
 5 FCPATH\index.php(67): CodeIgniter\CodeIgniter->run()
WARNING - 2023-09-15 10:37:30 --> [DEPRECATED] Function strftime() is deprecated in APPPATH\Models\Calendar_model.php on line 16.
 1 APPPATH\Controllers\Calendar.php(36): App\Models\Calendar_model->getAbsences()
 2 SYSTEMPATH\CodeIgniter.php(932): App\Controllers\Calendar->index()
 3 SYSTEMPATH\CodeIgniter.php(497): CodeIgniter\CodeIgniter->runController(Object(App\Controllers\Calendar))
 4 SYSTEMPATH\CodeIgniter.php(366): CodeIgniter\CodeIgniter->handleRequest(null, Object(Config\Cache), false)
 5 FCPATH\index.php(67): CodeIgniter\CodeIgniter->run()
WARNING - 2023-09-15 10:37:30 --> [DEPRECATED] Function strftime() is deprecated in APPPATH\Models\Calendar_model.php on line 86.
 1 APPPATH\Controllers\Calendar.php(27): App\Models\Calendar_model->getAbsencesByName('123')
 2 SYSTEMPATH\CodeIgniter.php(932): App\Controllers\Calendar->index()
 3 SYSTEMPATH\CodeIgniter.php(497): CodeIgniter\CodeIgniter->runController(Object(App\Controllers\Calendar))
 4 SYSTEMPATH\CodeIgniter.php(366): CodeIgniter\CodeIgniter->handleRequest(null, Object(Config\Cache), false)
 5 FCPATH\index.php(67): CodeIgniter\CodeIgniter->run()
ERROR - 2023-09-15 10:38:02 --> [Microsoft][ODBC Driver 17 for SQL Server][SQL Server]Konwersja typu danych varchar na typ danych datetime spowodowała utworzenie wartości leżącej poza zakresem.
CRITICAL - 2023-09-15 10:38:02 --> [Microsoft][ODBC Driver 17 for SQL Server][SQL Server]Konwersja typu danych varchar na typ danych datetime spowodowała utworzenie wartości leżącej poza zakresem.
in SYSTEMPATH\Database\SQLSRV\Connection.php on line 478.
 1 SYSTEMPATH\Database\BaseConnection.php(692): CodeIgniter\Database\SQLSRV\Connection->execute('SELECT "imie", "nazwisko", "dataOd", "dataDo", "grupaAbsencji"
FROM "max_ck"."dbo"."dane_AbsencjeCK"
WHERE "dataOd" >= \'1409-01-01\'
AND "dataOd" <= \'1411-31-01\'
AND "dataDo" >= \'1409-01-01\'
AND "dataDo" <= \'1411-31-01\'
ORDER BY "dataOd" ASC')
 2 SYSTEMPATH\Database\BaseConnection.php(606): CodeIgniter\Database\BaseConnection->simpleQuery('SELECT "imie", "nazwisko", "dataOd", "dataDo", "grupaAbsencji"
FROM "max_ck"."dbo"."dane_AbsencjeCK"
WHERE "dataOd" >= \'1409-01-01\'
AND "dataOd" <= \'1411-31-01\'
AND "dataDo" >= \'1409-01-01\'
AND "dataDo" <= \'1411-31-01\'
ORDER BY "dataOd" ASC')
 3 SYSTEMPATH\Database\SQLSRV\Builder.php(610): CodeIgniter\Database\BaseConnection->query('SELECT "imie", "nazwisko", "dataOd", "dataDo", "grupaAbsencji"
FROM "max_ck"."dbo"."dane_AbsencjeCK"
WHERE "dataOd" >= :dataOd:
AND "dataOd" <= :dataOd.1:
AND "dataDo" >= :dataDo:
AND "dataDo" <= :dataDo.1:
ORDER BY "dataOd" ASC', [...], false)
 4 APPPATH\Models\Calendar_model.php(52): CodeIgniter\Database\SQLSRV\Builder->get()
 5 APPPATH\Controllers\Calendar.php(33): App\Models\Calendar_model->getAbsencesByDate('1410', '01')
 6 SYSTEMPATH\CodeIgniter.php(932): App\Controllers\Calendar->index()
 7 SYSTEMPATH\CodeIgniter.php(497): CodeIgniter\CodeIgniter->runController(Object(App\Controllers\Calendar))
 8 SYSTEMPATH\CodeIgniter.php(366): CodeIgniter\CodeIgniter->handleRequest(null, Object(Config\Cache), false)
 9 FCPATH\index.php(67): CodeIgniter\CodeIgniter->run()
