WARNING - 2023-09-06 05:34:28 --> [DEPRECATED] Function strftime() is deprecated in APPPATH\Models\Calendar_model.php on line 17.
 1 APPPATH\Controllers\Calendar.php(21): App\Models\Calendar_model->getAbsences()
 2 SYSTEMPATH\CodeIgniter.php(932): App\Controllers\Calendar->index()
 3 SYSTEMPATH\CodeIgniter.php(497): CodeIgniter\CodeIgniter->runController(Object(App\Controllers\Calendar))
 4 SYSTEMPATH\CodeIgniter.php(366): CodeIgniter\CodeIgniter->handleRequest(null, Object(Config\Cache), false)
 5 FCPATH\index.php(67): CodeIgniter\CodeIgniter->run()
CRITICAL - 2023-09-06 05:34:28 --> unlink(C:\xampp\htdocs\kalendarz\writable\debugbar/debugbar_1693914889.636585.json): No such file or directory
in SYSTEMPATH\Debug\Toolbar\Collectors\History.php on line 76.
 1 [internal function]: CodeIgniter\Debug\Exceptions->errorHandler(2, 'unlink(C:\\xampp\\htdocs\\kalendarz\\writable\\debugbar/debugbar_1693914889.636585.json): No such file or directory', 'C:\\xampp\\htdocs\\kalendarz\\system\\Debug\\Toolbar\\Collectors\\History.php', 76)
 2 SYSTEMPATH\Debug\Toolbar\Collectors\History.php(76): unlink('C:\\xampp\\htdocs\\kalendarz\\writable\\debugbar/debugbar_1693914889.636585.json')
 3 SYSTEMPATH\Debug\Toolbar.php(495): CodeIgniter\Debug\Toolbar\Collectors\History->setFiles('1693978467.480576', 20)
 4 SYSTEMPATH\Debug\Toolbar.php(474): CodeIgniter\Debug\Toolbar->format([...], 'html')
 5 APPPATH\Config\Events.php(46): CodeIgniter\Debug\Toolbar->respond()
 6 SYSTEMPATH\Events\Events.php(148): CodeIgniter\Events\Events::Config\{closure}()
 7 SYSTEMPATH\CodeIgniter.php(348): CodeIgniter\Events\Events::trigger('pre_system')
 8 FCPATH\index.php(67): CodeIgniter\CodeIgniter->run()
WARNING - 2023-09-06 05:59:55 --> [DEPRECATED] Function strftime() is deprecated in APPPATH\Models\Calendar_model.php on line 17.
 1 APPPATH\Controllers\Calendar.php(21): App\Models\Calendar_model->getAbsences()
 2 SYSTEMPATH\CodeIgniter.php(932): App\Controllers\Calendar->index()
 3 SYSTEMPATH\CodeIgniter.php(497): CodeIgniter\CodeIgniter->runController(Object(App\Controllers\Calendar))
 4 SYSTEMPATH\CodeIgniter.php(366): CodeIgniter\CodeIgniter->handleRequest(null, Object(Config\Cache), false)
 5 FCPATH\index.php(67): CodeIgniter\CodeIgniter->run()
WARNING - 2023-09-06 06:00:02 --> [DEPRECATED] Function strftime() is deprecated in APPPATH\Models\Calendar_model.php on line 17.
 1 APPPATH\Controllers\Calendar.php(21): App\Models\Calendar_model->getAbsences()
 2 SYSTEMPATH\CodeIgniter.php(932): App\Controllers\Calendar->index()
 3 SYSTEMPATH\CodeIgniter.php(497): CodeIgniter\CodeIgniter->runController(Object(App\Controllers\Calendar))
 4 SYSTEMPATH\CodeIgniter.php(366): CodeIgniter\CodeIgniter->handleRequest(null, Object(Config\Cache), false)
 5 FCPATH\index.php(67): CodeIgniter\CodeIgniter->run()
WARNING - 2023-09-06 06:00:24 --> [DEPRECATED] Function strftime() is deprecated in APPPATH\Models\Calendar_model.php on line 17.
 1 APPPATH\Controllers\Calendar.php(21): App\Models\Calendar_model->getAbsences()
 2 SYSTEMPATH\CodeIgniter.php(932): App\Controllers\Calendar->index()
 3 SYSTEMPATH\CodeIgniter.php(497): CodeIgniter\CodeIgniter->runController(Object(App\Controllers\Calendar))
 4 SYSTEMPATH\CodeIgniter.php(366): CodeIgniter\CodeIgniter->handleRequest(null, Object(Config\Cache), false)
 5 FCPATH\index.php(67): CodeIgniter\CodeIgniter->run()
WARNING - 2023-09-06 06:04:46 --> [DEPRECATED] Function strftime() is deprecated in APPPATH\Models\Calendar_model.php on line 17.
 1 APPPATH\Controllers\Calendar.php(21): App\Models\Calendar_model->getAbsences()
 2 SYSTEMPATH\CodeIgniter.php(932): App\Controllers\Calendar->index()
 3 SYSTEMPATH\CodeIgniter.php(497): CodeIgniter\CodeIgniter->runController(Object(App\Controllers\Calendar))
 4 SYSTEMPATH\CodeIgniter.php(366): CodeIgniter\CodeIgniter->handleRequest(null, Object(Config\Cache), false)
 5 FCPATH\index.php(67): CodeIgniter\CodeIgniter->run()
WARNING - 2023-09-06 06:05:58 --> [DEPRECATED] Function strftime() is deprecated in APPPATH\Models\Calendar_model.php on line 17.
 1 APPPATH\Controllers\Calendar.php(21): App\Models\Calendar_model->getAbsences()
 2 SYSTEMPATH\CodeIgniter.php(932): App\Controllers\Calendar->index()
 3 SYSTEMPATH\CodeIgniter.php(497): CodeIgniter\CodeIgniter->runController(Object(App\Controllers\Calendar))
 4 SYSTEMPATH\CodeIgniter.php(366): CodeIgniter\CodeIgniter->handleRequest(null, Object(Config\Cache), false)
 5 FCPATH\index.php(67): CodeIgniter\CodeIgniter->run()
WARNING - 2023-09-06 06:06:13 --> [DEPRECATED] Function strftime() is deprecated in APPPATH\Models\Calendar_model.php on line 17.
 1 APPPATH\Controllers\Calendar.php(21): App\Models\Calendar_model->getAbsences()
 2 SYSTEMPATH\CodeIgniter.php(932): App\Controllers\Calendar->index()
 3 SYSTEMPATH\CodeIgniter.php(497): CodeIgniter\CodeIgniter->runController(Object(App\Controllers\Calendar))
 4 SYSTEMPATH\CodeIgniter.php(366): CodeIgniter\CodeIgniter->handleRequest(null, Object(Config\Cache), false)
 5 FCPATH\index.php(67): CodeIgniter\CodeIgniter->run()
WARNING - 2023-09-06 06:06:24 --> [DEPRECATED] Function strftime() is deprecated in APPPATH\Models\Calendar_model.php on line 17.
 1 APPPATH\Controllers\Calendar.php(21): App\Models\Calendar_model->getAbsences()
 2 SYSTEMPATH\CodeIgniter.php(932): App\Controllers\Calendar->index()
 3 SYSTEMPATH\CodeIgniter.php(497): CodeIgniter\CodeIgniter->runController(Object(App\Controllers\Calendar))
 4 SYSTEMPATH\CodeIgniter.php(366): CodeIgniter\CodeIgniter->handleRequest(null, Object(Config\Cache), false)
 5 FCPATH\index.php(67): CodeIgniter\CodeIgniter->run()
WARNING - 2023-09-06 06:07:38 --> [DEPRECATED] Function strftime() is deprecated in APPPATH\Models\Calendar_model.php on line 17.
 1 APPPATH\Controllers\Calendar.php(21): App\Models\Calendar_model->getAbsences()
 2 SYSTEMPATH\CodeIgniter.php(932): App\Controllers\Calendar->index()
 3 SYSTEMPATH\CodeIgniter.php(497): CodeIgniter\CodeIgniter->runController(Object(App\Controllers\Calendar))
 4 SYSTEMPATH\CodeIgniter.php(366): CodeIgniter\CodeIgniter->handleRequest(null, Object(Config\Cache), false)
 5 FCPATH\index.php(67): CodeIgniter\CodeIgniter->run()
WARNING - 2023-09-06 06:21:07 --> [DEPRECATED] Function strftime() is deprecated in APPPATH\Models\Calendar_model.php on line 17.
 1 APPPATH\Controllers\Calendar.php(21): App\Models\Calendar_model->getAbsences()
 2 SYSTEMPATH\CodeIgniter.php(932): App\Controllers\Calendar->index()
 3 SYSTEMPATH\CodeIgniter.php(497): CodeIgniter\CodeIgniter->runController(Object(App\Controllers\Calendar))
 4 SYSTEMPATH\CodeIgniter.php(366): CodeIgniter\CodeIgniter->handleRequest(null, Object(Config\Cache), false)
 5 FCPATH\index.php(67): CodeIgniter\CodeIgniter->run()
WARNING - 2023-09-06 06:22:07 --> [DEPRECATED] Function strftime() is deprecated in APPPATH\Models\Calendar_model.php on line 17.
 1 APPPATH\Controllers\Calendar.php(21): App\Models\Calendar_model->getAbsences()
 2 SYSTEMPATH\CodeIgniter.php(932): App\Controllers\Calendar->index()
 3 SYSTEMPATH\CodeIgniter.php(497): CodeIgniter\CodeIgniter->runController(Object(App\Controllers\Calendar))
 4 SYSTEMPATH\CodeIgniter.php(366): CodeIgniter\CodeIgniter->handleRequest(null, Object(Config\Cache), false)
 5 FCPATH\index.php(67): CodeIgniter\CodeIgniter->run()
WARNING - 2023-09-06 06:22:31 --> [DEPRECATED] Function strftime() is deprecated in APPPATH\Models\Calendar_model.php on line 17.
 1 APPPATH\Controllers\Calendar.php(21): App\Models\Calendar_model->getAbsences()
 2 SYSTEMPATH\CodeIgniter.php(932): App\Controllers\Calendar->index()
 3 SYSTEMPATH\CodeIgniter.php(497): CodeIgniter\CodeIgniter->runController(Object(App\Controllers\Calendar))
 4 SYSTEMPATH\CodeIgniter.php(366): CodeIgniter\CodeIgniter->handleRequest(null, Object(Config\Cache), false)
 5 FCPATH\index.php(67): CodeIgniter\CodeIgniter->run()
WARNING - 2023-09-06 06:24:32 --> [DEPRECATED] Function strftime() is deprecated in APPPATH\Models\Calendar_model.php on line 17.
 1 APPPATH\Controllers\Calendar.php(21): App\Models\Calendar_model->getAbsences()
 2 SYSTEMPATH\CodeIgniter.php(932): App\Controllers\Calendar->index()
 3 SYSTEMPATH\CodeIgniter.php(497): CodeIgniter\CodeIgniter->runController(Object(App\Controllers\Calendar))
 4 SYSTEMPATH\CodeIgniter.php(366): CodeIgniter\CodeIgniter->handleRequest(null, Object(Config\Cache), false)
 5 FCPATH\index.php(67): CodeIgniter\CodeIgniter->run()
WARNING - 2023-09-06 06:24:33 --> [DEPRECATED] Function strftime() is deprecated in APPPATH\Models\Calendar_model.php on line 17.
 1 APPPATH\Controllers\Calendar.php(21): App\Models\Calendar_model->getAbsences()
 2 SYSTEMPATH\CodeIgniter.php(932): App\Controllers\Calendar->index()
 3 SYSTEMPATH\CodeIgniter.php(497): CodeIgniter\CodeIgniter->runController(Object(App\Controllers\Calendar))
 4 SYSTEMPATH\CodeIgniter.php(366): CodeIgniter\CodeIgniter->handleRequest(null, Object(Config\Cache), false)
 5 FCPATH\index.php(67): CodeIgniter\CodeIgniter->run()
WARNING - 2023-09-06 06:25:35 --> [DEPRECATED] Function strftime() is deprecated in APPPATH\Models\Calendar_model.php on line 17.
 1 APPPATH\Controllers\Calendar.php(21): App\Models\Calendar_model->getAbsences()
 2 SYSTEMPATH\CodeIgniter.php(932): App\Controllers\Calendar->index()
 3 SYSTEMPATH\CodeIgniter.php(497): CodeIgniter\CodeIgniter->runController(Object(App\Controllers\Calendar))
 4 SYSTEMPATH\CodeIgniter.php(366): CodeIgniter\CodeIgniter->handleRequest(null, Object(Config\Cache), false)
 5 FCPATH\index.php(67): CodeIgniter\CodeIgniter->run()
WARNING - 2023-09-06 06:26:09 --> [DEPRECATED] Function strftime() is deprecated in APPPATH\Models\Calendar_model.php on line 17.
 1 APPPATH\Controllers\Calendar.php(21): App\Models\Calendar_model->getAbsences()
 2 SYSTEMPATH\CodeIgniter.php(932): App\Controllers\Calendar->index()
 3 SYSTEMPATH\CodeIgniter.php(497): CodeIgniter\CodeIgniter->runController(Object(App\Controllers\Calendar))
 4 SYSTEMPATH\CodeIgniter.php(366): CodeIgniter\CodeIgniter->handleRequest(null, Object(Config\Cache), false)
 5 FCPATH\index.php(67): CodeIgniter\CodeIgniter->run()
WARNING - 2023-09-06 06:28:06 --> [DEPRECATED] Function strftime() is deprecated in APPPATH\Models\Calendar_model.php on line 17.
 1 APPPATH\Controllers\Calendar.php(21): App\Models\Calendar_model->getAbsences()
 2 SYSTEMPATH\CodeIgniter.php(932): App\Controllers\Calendar->index()
 3 SYSTEMPATH\CodeIgniter.php(497): CodeIgniter\CodeIgniter->runController(Object(App\Controllers\Calendar))
 4 SYSTEMPATH\CodeIgniter.php(366): CodeIgniter\CodeIgniter->handleRequest(null, Object(Config\Cache), false)
 5 FCPATH\index.php(67): CodeIgniter\CodeIgniter->run()
WARNING - 2023-09-06 07:30:40 --> [DEPRECATED] Function strftime() is deprecated in APPPATH\Models\Calendar_model.php on line 17.
 1 APPPATH\Controllers\Calendar.php(21): App\Models\Calendar_model->getAbsences()
 2 SYSTEMPATH\CodeIgniter.php(932): App\Controllers\Calendar->index()
 3 SYSTEMPATH\CodeIgniter.php(497): CodeIgniter\CodeIgniter->runController(Object(App\Controllers\Calendar))
 4 SYSTEMPATH\CodeIgniter.php(366): CodeIgniter\CodeIgniter->handleRequest(null, Object(Config\Cache), false)
 5 FCPATH\index.php(67): CodeIgniter\CodeIgniter->run()
CRITICAL - 2023-09-06 07:30:40 --> unlink(C:\xampp\htdocs\kalendarz\writable\debugbar/debugbar_1693981327.154663.json): No such file or directory
in SYSTEMPATH\Debug\Toolbar\Collectors\History.php on line 76.
 1 [internal function]: CodeIgniter\Debug\Exceptions->errorHandler(2, 'unlink(C:\\xampp\\htdocs\\kalendarz\\writable\\debugbar/debugbar_1693981327.154663.json): No such file or directory', 'C:\\xampp\\htdocs\\kalendarz\\system\\Debug\\Toolbar\\Collectors\\History.php', 76)
 2 SYSTEMPATH\Debug\Toolbar\Collectors\History.php(76): unlink('C:\\xampp\\htdocs\\kalendarz\\writable\\debugbar/debugbar_1693981327.154663.json')
 3 SYSTEMPATH\Debug\Toolbar.php(495): CodeIgniter\Debug\Toolbar\Collectors\History->setFiles('1693985439.470008', 20)
 4 SYSTEMPATH\Debug\Toolbar.php(474): CodeIgniter\Debug\Toolbar->format([...], 'html')
 5 APPPATH\Config\Events.php(46): CodeIgniter\Debug\Toolbar->respond()
 6 SYSTEMPATH\Events\Events.php(148): CodeIgniter\Events\Events::Config\{closure}()
 7 SYSTEMPATH\CodeIgniter.php(348): CodeIgniter\Events\Events::trigger('pre_system')
 8 FCPATH\index.php(67): CodeIgniter\CodeIgniter->run()
WARNING - 2023-09-06 07:32:38 --> [DEPRECATED] Function strftime() is deprecated in APPPATH\Models\Calendar_model.php on line 17.
 1 APPPATH\Controllers\Calendar.php(21): App\Models\Calendar_model->getAbsences()
 2 SYSTEMPATH\CodeIgniter.php(932): App\Controllers\Calendar->index()
 3 SYSTEMPATH\CodeIgniter.php(497): CodeIgniter\CodeIgniter->runController(Object(App\Controllers\Calendar))
 4 SYSTEMPATH\CodeIgniter.php(366): CodeIgniter\CodeIgniter->handleRequest(null, Object(Config\Cache), false)
 5 FCPATH\index.php(67): CodeIgniter\CodeIgniter->run()
WARNING - 2023-09-06 07:38:56 --> [DEPRECATED] Function strftime() is deprecated in APPPATH\Models\Calendar_model.php on line 17.
 1 APPPATH\Controllers\Calendar.php(13): App\Models\Calendar_model->getAbsences()
 2 SYSTEMPATH\CodeIgniter.php(932): App\Controllers\Calendar->index()
 3 SYSTEMPATH\CodeIgniter.php(497): CodeIgniter\CodeIgniter->runController(Object(App\Controllers\Calendar))
 4 SYSTEMPATH\CodeIgniter.php(366): CodeIgniter\CodeIgniter->handleRequest(null, Object(Config\Cache), false)
 5 FCPATH\index.php(67): CodeIgniter\CodeIgniter->run()
WARNING - 2023-09-06 07:39:26 --> [DEPRECATED] Function strftime() is deprecated in APPPATH\Models\Calendar_model.php on line 17.
 1 APPPATH\Controllers\Calendar.php(13): App\Models\Calendar_model->getAbsences()
 2 SYSTEMPATH\CodeIgniter.php(932): App\Controllers\Calendar->index()
 3 SYSTEMPATH\CodeIgniter.php(497): CodeIgniter\CodeIgniter->runController(Object(App\Controllers\Calendar))
 4 SYSTEMPATH\CodeIgniter.php(366): CodeIgniter\CodeIgniter->handleRequest(null, Object(Config\Cache), false)
 5 FCPATH\index.php(67): CodeIgniter\CodeIgniter->run()
WARNING - 2023-09-06 07:39:39 --> [DEPRECATED] Function strftime() is deprecated in APPPATH\Models\Calendar_model.php on line 17.
 1 APPPATH\Controllers\Calendar.php(13): App\Models\Calendar_model->getAbsences()
 2 SYSTEMPATH\CodeIgniter.php(932): App\Controllers\Calendar->index()
 3 SYSTEMPATH\CodeIgniter.php(497): CodeIgniter\CodeIgniter->runController(Object(App\Controllers\Calendar))
 4 SYSTEMPATH\CodeIgniter.php(366): CodeIgniter\CodeIgniter->handleRequest(null, Object(Config\Cache), false)
 5 FCPATH\index.php(67): CodeIgniter\CodeIgniter->run()
WARNING - 2023-09-06 07:48:41 --> [DEPRECATED] Function strftime() is deprecated in APPPATH\Models\Calendar_model.php on line 17.
 1 APPPATH\Controllers\Calendar.php(13): App\Models\Calendar_model->getAbsences()
 2 SYSTEMPATH\CodeIgniter.php(932): App\Controllers\Calendar->index()
 3 SYSTEMPATH\CodeIgniter.php(497): CodeIgniter\CodeIgniter->runController(Object(App\Controllers\Calendar))
 4 SYSTEMPATH\CodeIgniter.php(366): CodeIgniter\CodeIgniter->handleRequest(null, Object(Config\Cache), false)
 5 FCPATH\index.php(67): CodeIgniter\CodeIgniter->run()
WARNING - 2023-09-06 07:49:28 --> [DEPRECATED] Function strftime() is deprecated in APPPATH\Models\Calendar_model.php on line 17.
 1 APPPATH\Controllers\Calendar.php(13): App\Models\Calendar_model->getAbsences()
 2 SYSTEMPATH\CodeIgniter.php(932): App\Controllers\Calendar->index()
 3 SYSTEMPATH\CodeIgniter.php(497): CodeIgniter\CodeIgniter->runController(Object(App\Controllers\Calendar))
 4 SYSTEMPATH\CodeIgniter.php(366): CodeIgniter\CodeIgniter->handleRequest(null, Object(Config\Cache), false)
 5 FCPATH\index.php(67): CodeIgniter\CodeIgniter->run()
WARNING - 2023-09-06 07:52:31 --> [DEPRECATED] Function strftime() is deprecated in APPPATH\Models\Calendar_model.php on line 17.
 1 APPPATH\Controllers\Calendar.php(13): App\Models\Calendar_model->getAbsences()
 2 SYSTEMPATH\CodeIgniter.php(932): App\Controllers\Calendar->index()
 3 SYSTEMPATH\CodeIgniter.php(497): CodeIgniter\CodeIgniter->runController(Object(App\Controllers\Calendar))
 4 SYSTEMPATH\CodeIgniter.php(366): CodeIgniter\CodeIgniter->handleRequest(null, Object(Config\Cache), false)
 5 FCPATH\index.php(67): CodeIgniter\CodeIgniter->run()
WARNING - 2023-09-06 08:09:45 --> [DEPRECATED] Function strftime() is deprecated in APPPATH\Models\Calendar_model.php on line 17.
 1 APPPATH\Controllers\Calendar.php(14): App\Models\Calendar_model->getAbsences()
 2 SYSTEMPATH\CodeIgniter.php(932): App\Controllers\Calendar->index()
 3 SYSTEMPATH\CodeIgniter.php(497): CodeIgniter\CodeIgniter->runController(Object(App\Controllers\Calendar))
 4 SYSTEMPATH\CodeIgniter.php(366): CodeIgniter\CodeIgniter->handleRequest(null, Object(Config\Cache), false)
 5 FCPATH\index.php(67): CodeIgniter\CodeIgniter->run()
WARNING - 2023-09-06 08:11:23 --> [DEPRECATED] Function strftime() is deprecated in APPPATH\Models\Calendar_model.php on line 17.
 1 APPPATH\Controllers\Calendar.php(14): App\Models\Calendar_model->getAbsences()
 2 SYSTEMPATH\CodeIgniter.php(932): App\Controllers\Calendar->index()
 3 SYSTEMPATH\CodeIgniter.php(497): CodeIgniter\CodeIgniter->runController(Object(App\Controllers\Calendar))
 4 SYSTEMPATH\CodeIgniter.php(366): CodeIgniter\CodeIgniter->handleRequest(null, Object(Config\Cache), false)
 5 FCPATH\index.php(67): CodeIgniter\CodeIgniter->run()
WARNING - 2023-09-06 08:16:39 --> [DEPRECATED] Function strftime() is deprecated in APPPATH\Models\Calendar_model.php on line 17.
 1 APPPATH\Controllers\Calendar.php(14): App\Models\Calendar_model->getAbsences()
 2 SYSTEMPATH\CodeIgniter.php(932): App\Controllers\Calendar->index()
 3 SYSTEMPATH\CodeIgniter.php(497): CodeIgniter\CodeIgniter->runController(Object(App\Controllers\Calendar))
 4 SYSTEMPATH\CodeIgniter.php(366): CodeIgniter\CodeIgniter->handleRequest(null, Object(Config\Cache), false)
 5 FCPATH\index.php(67): CodeIgniter\CodeIgniter->run()
WARNING - 2023-09-06 08:18:16 --> [DEPRECATED] Function strftime() is deprecated in APPPATH\Models\Calendar_model.php on line 17.
 1 APPPATH\Controllers\Calendar.php(14): App\Models\Calendar_model->getAbsences()
 2 SYSTEMPATH\CodeIgniter.php(932): App\Controllers\Calendar->index()
 3 SYSTEMPATH\CodeIgniter.php(497): CodeIgniter\CodeIgniter->runController(Object(App\Controllers\Calendar))
 4 SYSTEMPATH\CodeIgniter.php(366): CodeIgniter\CodeIgniter->handleRequest(null, Object(Config\Cache), false)
 5 FCPATH\index.php(67): CodeIgniter\CodeIgniter->run()
WARNING - 2023-09-06 08:22:06 --> [DEPRECATED] Function strftime() is deprecated in APPPATH\Models\Calendar_model.php on line 17.
 1 APPPATH\Controllers\Data.php(10): App\Models\Calendar_model->getAbsences()
 2 SYSTEMPATH\CodeIgniter.php(932): App\Controllers\Data->getData()
 3 SYSTEMPATH\CodeIgniter.php(497): CodeIgniter\CodeIgniter->runController(Object(App\Controllers\Data))
 4 SYSTEMPATH\CodeIgniter.php(366): CodeIgniter\CodeIgniter->handleRequest(null, Object(Config\Cache), false)
 5 FCPATH\index.php(67): CodeIgniter\CodeIgniter->run()
WARNING - 2023-09-06 08:22:28 --> [DEPRECATED] Function strftime() is deprecated in APPPATH\Models\Calendar_model.php on line 17.
 1 APPPATH\Controllers\Data.php(10): App\Models\Calendar_model->getAbsences()
 2 SYSTEMPATH\CodeIgniter.php(932): App\Controllers\Data->getData()
 3 SYSTEMPATH\CodeIgniter.php(497): CodeIgniter\CodeIgniter->runController(Object(App\Controllers\Data))
 4 SYSTEMPATH\CodeIgniter.php(366): CodeIgniter\CodeIgniter->handleRequest(null, Object(Config\Cache), false)
 5 FCPATH\index.php(67): CodeIgniter\CodeIgniter->run()
WARNING - 2023-09-06 08:35:12 --> [DEPRECATED] Function strftime() is deprecated in APPPATH\Models\Calendar_model.php on line 17.
 1 APPPATH\Controllers\Calendar.php(14): App\Models\Calendar_model->getAbsences()
 2 SYSTEMPATH\CodeIgniter.php(932): App\Controllers\Calendar->index()
 3 SYSTEMPATH\CodeIgniter.php(497): CodeIgniter\CodeIgniter->runController(Object(App\Controllers\Calendar))
 4 SYSTEMPATH\CodeIgniter.php(366): CodeIgniter\CodeIgniter->handleRequest(null, Object(Config\Cache), false)
 5 FCPATH\index.php(67): CodeIgniter\CodeIgniter->run()
